This file contains any messages produced by compilers while
running configure, to aid debugging if configure makes a mistake.

It was created by configure, which was
generated by GNU Autoconf 2.52.20100530.  Invocation command line was

  $ ./configure --disable-perl --disable-x --disable-shell --disable-echo --disable-filters

## ---------- ##
## Platform.  ##
## ---------- ##

hostname = bharat-9052
uname -m = x86_64
uname -r = 21.6.0
uname -s = Darwin
uname -v = Darwin Kernel Version 21.6.0: Wed Aug 10 14:25:27 PDT 2022; root:xnu-8020.141.5~2/RELEASE_X86_64

/usr/bin/uname -p = i386
/bin/uname -X     = unknown

/bin/arch              = unknown
/usr/bin/arch -k       = unknown
/usr/convex/getsysinfo = unknown
hostinfo               = Mach kernel version:
	 Darwin Kernel Version 21.6.0: Wed Aug 10 14:25:27 PDT 2022; root:xnu-8020.141.5~2/RELEASE_X86_64
Kernel configured for up to 12 processors.
6 processors are physically available.
12 processors are logically available.
Processor type: x86_64h (Intel x86-64h Haswell)
Processors active: 0 1 2 3 4 5 6 7 8 9 10 11
Primary memory available: 16.00 gigabytes
Default processor set: 519 tasks, 2837 threads, 12 processors
Load average: 0.62, Mach factor: 11.37
/bin/machine           = unknown
/usr/bin/oslevel       = unknown
/bin/universe          = unknown

PATH = /usr/local/opt/opencv@3/bin:/opt/local/bin:/opt/local/sbin:/usr/local/mysql/bin:/Users/bharat-9052/Build:/usr/local/bin:/Users/bharat-9052/.local/share/go/bin:/Users/bharat-9052/.android/cmdline-tools/latest/bin:/Users/bharat-9052/.android/platform-tools:/Users/bharat-9052/.android/emulator:/Users/bharat-9052/.android/tools/bin:/Users/bharat-9052/.android/tools:/Users/bharat-9052/.android/build-tools/30.0.2:/usr/local/bin:/usr/bin:/bin:/usr/sbin:/sbin:/Library/TeX/texbin:/usr/local/go/bin:/usr/local/share/dotnet:/opt/X11/bin:~/.dotnet/tools:/Library/Apple/usr/bin:/Library/Frameworks/Mono.framework/Versions/Current/Commands:/opt/local/bin:/opt/local/sbin:/usr/local/mysql/bin:/Users/bharat-9052/Build:/Users/bharat-9052/.local/share/go/bin:/Users/bharat-9052/.android/cmdline-tools/latest/bin:/Users/bharat-9052/.android/platform-tools:/Users/bharat-9052/.android/emulator:/Users/bharat-9052/.android/tools/bin:/Users/bharat-9052/.android/tools:/Users/bharat-9052/.android/build-tools/30.0.2:/Users/bharat-9052/.cargo/bin:/Users/bharat-9052/.local/bin:/Users/bharat-9052/.local/bin/sh:/Users/bharat-9052/.local/share/npm/bin:/Users/bharat-9052/.local/share/.cargo/bin:/Users/bharat-9052/.local/share/cargo/bin:/Users/bharat-9052/bin:/Library/Java/JavaVirtualMachines/jdk1.8.0_152.jdk/Contents/Home/bin:/Users/bharat-9052/source/graphics-core/out/x86_64-apple-darwin20.5.0:/Users/bharat-9052/source/nila_projects/scripts:/Users/bharat-9052/.local/bin:/Users/bharat-9052/.local/bin/sh:/Users/bharat-9052/.local/share/npm/bin:/Users/bharat-9052/.local/share/.cargo/bin:/Users/bharat-9052/.local/share/cargo/bin:/Users/bharat-9052/bin:/Library/Java/JavaVirtualMachines/jdk1.8.0_152.jdk/Contents/Home/bin:/bin:/Users/bharat-9052/source/graphics-core/out/x86_64-apple-darwin20.5.0:/Users/bharat-9052/source/nila_projects/scripts:

## ------------ ##
## Core tests.  ##
## ------------ ##

configure:1025: PATH=".;."; conftest.sh
./configure: line 1026: conftest.sh: command not found
configure:1028: $? = 127
configure:1070: checking build system type
configure:1088: result: x86_64-apple-darwin21.6.0
configure:1096: checking host system type
configure:1110: result: x86_64-apple-darwin21.6.0
configure:1135: result: Configuring for darwin21.6.0
configure:1204: checking for gcc
configure:1219: found /usr/bin/gcc
configure:1227: result: gcc
configure:1455: checking for C compiler version
configure:1458: gcc --version </dev/null >&5
Configured with: --prefix=/Applications/Xcode.app/Contents/Developer/usr --with-gxx-include-dir=/Applications/Xcode.app/Contents/Developer/Platforms/MacOSX.platform/Developer/SDKs/MacOSX.sdk/usr/include/c++/4.2.1
Apple clang version 13.0.0 (clang-1300.0.29.30)
Target: x86_64-apple-darwin21.6.0
Thread model: posix
InstalledDir: /Applications/Xcode.app/Contents/Developer/Toolchains/XcodeDefault.xctoolchain/usr/bin
configure:1461: $? = 0
configure:1463: gcc -v </dev/null >&5
Configured with: --prefix=/Applications/Xcode.app/Contents/Developer/usr --with-gxx-include-dir=/Applications/Xcode.app/Contents/Developer/Platforms/MacOSX.platform/Developer/SDKs/MacOSX.sdk/usr/include/c++/4.2.1
Apple clang version 13.0.0 (clang-1300.0.29.30)
Target: x86_64-apple-darwin21.6.0
Thread model: posix
InstalledDir: /Applications/Xcode.app/Contents/Developer/Toolchains/XcodeDefault.xctoolchain/usr/bin
configure:1466: $? = 0
configure:1468: gcc -V </dev/null >&5
clang: error: argument to '-V' is missing (expected 1 value)
clang: error: no input files
configure:1471: $? = 1
configure:1491: checking for C compiler default output
configure:1494: gcc  -I/usr/local/opt/opencv@3/include -L/usr/local/opt/opencv@3/lib conftest.c  >&5
configure:1497: $? = 0
configure:1526: result: a.out
configure:1531: checking whether the C compiler works
configure:1537: ./a.out
configure:1540: $? = 0
configure:1555: result: yes
configure:1562: checking whether we are cross compiling
configure:1564: result: no
configure:1567: checking for executable suffix
configure:1569: gcc -o conftest  -I/usr/local/opt/opencv@3/include -L/usr/local/opt/opencv@3/lib conftest.c  >&5
configure:1572: $? = 0
configure:1594: result: 
configure:1600: checking for object suffix
configure:1618: gcc -c  -I/usr/local/opt/opencv@3/include conftest.c >&5
configure:1621: $? = 0
configure:1640: result: o
configure:1644: checking whether we are using the GNU C compiler
configure:1665: gcc -c  -I/usr/local/opt/opencv@3/include conftest.c >&5
configure:1668: $? = 0
configure:1671: test -s conftest.o
configure:1674: $? = 0
configure:1686: result: yes
configure:1692: checking whether gcc accepts -g
configure:1710: gcc -c -g -I/usr/local/opt/opencv@3/include conftest.c >&5
configure:1713: $? = 0
configure:1716: test -s conftest.o
configure:1719: $? = 0
configure:1729: result: yes
configure:1756: gcc -c -g -O2 -I/usr/local/opt/opencv@3/include conftest.c >&5
conftest.c:2:3: error: unknown type name 'choke'
  choke me
  ^
conftest.c:2:11: error: expected ';' after top level declarator
  choke me
          ^
          ;
2 errors generated.
configure:1759: $? = 1
configure: failed program was:
#ifndef __cplusplus
  choke me
#endif
configure:1864: checking how to run the C preprocessor
configure:1890: gcc -E -I/usr/local/opt/opencv@3/include conftest.c
configure:1896: $? = 0
configure:1923: gcc -E -I/usr/local/opt/opencv@3/include conftest.c
configure:1920:10: fatal error: 'ac_nonexistent.h' file not found
#include <ac_nonexistent.h>
         ^~~~~~~~~~~~~~~~~~
1 error generated.
configure:1929: $? = 1
configure: failed program was:
#line 1919 "configure"
#include "confdefs.h"
#include <ac_nonexistent.h>
configure:1966: result: gcc -E
configure:1981: gcc -E -I/usr/local/opt/opencv@3/include conftest.c
configure:1987: $? = 0
configure:2014: gcc -E -I/usr/local/opt/opencv@3/include conftest.c
configure:2011:10: fatal error: 'ac_nonexistent.h' file not found
#include <ac_nonexistent.h>
         ^~~~~~~~~~~~~~~~~~
1 error generated.
configure:2020: $? = 1
configure: failed program was:
#line 2010 "configure"
#include "confdefs.h"
#include <ac_nonexistent.h>
configure:2061: checking whether gcc needs -traditional
configure:2084:10: fatal error: 'termio.h' file not found
#include <termio.h>
         ^~~~~~~~~~
1 error generated.
configure:2096: result: no
configure:2105: checking for AIX
configure:2124: result: no
configure:2129: checking for POSIXized ISC
configure:2148: result: no
configure:2153: checking for minix/config.h
configure:2163: gcc -E -I/usr/local/opt/opencv@3/include conftest.c
configure:2160:10: fatal error: 'minix/config.h' file not found
#include <minix/config.h>
         ^~~~~~~~~~~~~~~~
1 error generated.
configure:2169: $? = 1
configure: failed program was:
#line 2159 "configure"
#include "confdefs.h"
#include <minix/config.h>
configure:2188: result: no
configure:2284: checking for gcc option to accept ANSI C
configure:2409: gcc -c -g -O2 -I/usr/local/opt/opencv@3/include  -DCC_HAS_PROTOS conftest.c >&5
configure:2412: $? = 0
configure:2415: test -s conftest.o
configure:2418: $? = 0
configure:2431: result: -DCC_HAS_PROTOS
configure:2537: checking for gcc option to accept ANSI C
configure:2594: gcc  -c -g -O2 -I/usr/local/opt/opencv@3/include conftest.c >&5
configure:2597: $? = 0
configure:2600: test -s conftest.o
configure:2603: $? = 0
configure:2620: result: none needed
configure:2628: checking for an ANSI C-conforming const
configure:2692: gcc -c -g -O2 -I/usr/local/opt/opencv@3/include conftest.c >&5
configure:2695: $? = 0
configure:2698: test -s conftest.o
configure:2701: $? = 0
configure:2711: result: yes
configure:2721: checking for inline
configure:2738: gcc -c -g -O2 -I/usr/local/opt/opencv@3/include conftest.c >&5
configure:2741: $? = 0
configure:2744: test -s conftest.o
configure:2747: $? = 0
configure:2758: result: inline
configure:2773: checking if we can initialize unions
configure:2792: gcc -c -g -O2 -I/usr/local/opt/opencv@3/include conftest.c >&5
configure:2795: $? = 0
configure:2798: test -s conftest.o
configure:2801: $? = 0
configure:2812: result: yes
configure:3455: checking if SIGWINCH is defined
configure:3477: gcc -c -g -O2 -I/usr/local/opt/opencv@3/include  -D_DARWIN_C_SOURCE conftest.c >&5
configure:3480: $? = 0
configure:3483: test -s conftest.o
configure:3486: $? = 0
configure:3534: result: yes
configure:3611: checking for reflex
configure:3637: result: no
configure:3611: checking for flex
configure:3626: found /usr/bin/flex
configure:3634: result: flex
configure:3647: checking for yywrap in -lfl
configure:3674: gcc -o conftest -g -O2 -I/usr/local/opt/opencv@3/include  -D_DARWIN_C_SOURCE -L/usr/local/opt/opencv@3/lib conftest.c -lfl   >&5
ld: library not found for -lfl
clang: error: linker command failed with exit code 1 (use -v to see invocation)
configure:3677: $? = 1
configure: failed program was:
#line 3655 "configure"
#include "confdefs.h"

/* Override any gcc2 internal prototype to avoid an error.  */
#ifdef __cplusplus
extern "C"
#endif
/* We use char because int might match the return type of a gcc2
   builtin and then its argument prototype would still apply.  */
char yywrap ();
int
main ()
{
yywrap ();
  ;
  return 0;
}
configure:3694: result: no
configure:3699: checking for yywrap in -ll
configure:3726: gcc -o conftest -g -O2 -I/usr/local/opt/opencv@3/include  -D_DARWIN_C_SOURCE -L/usr/local/opt/opencv@3/lib conftest.c -ll   >&5
ld: warning: object file (/Applications/Xcode.app/Contents/Developer/Platforms/MacOSX.platform/Developer/SDKs/MacOSX.sdk/usr/lib/libl.a(libyywrap.o)) was built for newer macOS version (12.1) than being linked (12.0)
configure:3729: $? = 0
configure:3732: test -s conftest
configure:3735: $? = 0
configure:3746: result: yes
configure:3757: checking lex output file root
configure:3776: result: lex.yy
configure:3780: checking whether yytext is a pointer
configure:3796: gcc -o conftest -g -O2 -I/usr/local/opt/opencv@3/include  -D_DARWIN_C_SOURCE -L/usr/local/opt/opencv@3/lib conftest.c  -ll >&5
ld: warning: object file (/Applications/Xcode.app/Contents/Developer/Platforms/MacOSX.platform/Developer/SDKs/MacOSX.sdk/usr/lib/libl.a(libmain.o)) was built for newer macOS version (12.1) than being linked (12.0)
ld: warning: object file (/Applications/Xcode.app/Contents/Developer/Platforms/MacOSX.platform/Developer/SDKs/MacOSX.sdk/usr/lib/libl.a(libyywrap.o)) was built for newer macOS version (12.1) than being linked (12.0)
configure:3799: $? = 0
configure:3802: test -s conftest
configure:3805: $? = 0
configure:3817: result: yes
configure:3980: checking for makeflags variable
configure:4014: result: 
configure:4029: checking for a BSD compatible install
configure:4078: result: /usr/local/bin/ginstall -c
configure:4089: checking whether make sets ${MAKE}
configure:4109: result: yes
configure:4122: checking for mawk
configure:4148: result: no
configure:4122: checking for gawk
configure:4137: found /usr/local/bin/gawk
configure:4145: result: gawk
configure:4193: checking for ranlib
configure:4208: found /usr/bin/ranlib
configure:4217: result: ranlib
configure:4229: checking whether ln -s works
configure:4233: result: yes
configure:4244: checking for archiver (symbol AR)
configure:4253: result: ar
configure:4262: checking for archiver options (symbol AR_OPTS)
configure:4271: result: rv
configure:4276: checking if you want to see long compiling messages
configure:4310: result: no
configure:4331: checking if you wish to build only core functions
configure:4348: result: no
configure:4365: checking if you wish to disable shell/external commands
configure:4382: result: yes
configure:4394: checking for CFLAGS options
configure:4418: result: 
configure:4421: checking if you want to compile-in plugin support
configure:4438: result: no
configure:4441: checking if you want to build syntax filters
configure:4458: result: no
configure:4649: checking for library path
configure:4711: result: $(libdir)/vile
configure:4714: checking for startup path
configure:4776: result: $(datadir)
configure:4779: checking if flex supports %pointer
configure:4788: flex conftest.l 1>&5
configure:4791: $? = 0
configure:4797: result: yes
configure:4805: checking if flex supports character classes
configure:4815: flex conftest.l 1>&5
configure:4818: $? = 0
configure:4824: result: yes
configure:4832: checking if flex supports options
configure:4841: flex conftest.l 1>&5
configure:4844: $? = 0
configure:4850: result: yes
configure:4858: checking if flex supports states
configure:4880: flex conftest.l 1>&5
configure:4883: $? = 0
configure:4880: flex conftest.l 1>&5
configure:4883: $? = 0
configure:4880: flex conftest.l 1>&5
configure:4883: $? = 0
configure:4880: flex conftest.l 1>&5
configure:4883: $? = 0
configure:4880: flex conftest.l 1>&5
configure:4883: $? = 0
configure:4880: flex conftest.l 1>&5
configure:4883: $? = 0
configure:4880: flex conftest.l 1>&5
configure:4883: $? = 0
configure:4880: flex conftest.l 1>&5
configure:4883: $? = 0
configure:4880: flex conftest.l 1>&5
configure:4883: $? = 0
configure:4880: flex conftest.l 1>&5
configure:4883: $? = 0
configure:4880: flex conftest.l 1>&5
configure:4883: $? = 0
configure:4880: flex conftest.l 1>&5
configure:4883: $? = 0
configure:4880: flex conftest.l 1>&5
configure:4883: $? = 0
configure:4880: flex conftest.l 1>&5
configure:4883: $? = 0
configure:4880: flex conftest.l 1>&5
configure:4883: $? = 0
configure:4880: flex conftest.l 1>&5
configure:4883: $? = 0
configure:4880: flex conftest.l 1>&5
configure:4883: $? = 0
configure:4880: flex conftest.l 1>&5
configure:4883: $? = 0
configure:4880: flex conftest.l 1>&5
configure:4883: $? = 0
configure:4880: flex conftest.l 1>&5
configure:4883: $? = 0
configure:4880: flex conftest.l 1>&5
configure:4883: $? = 0
configure:4880: flex conftest.l 1>&5
configure:4883: $? = 0
configure:4880: flex conftest.l 1>&5
configure:4883: $? = 0
configure:4880: flex conftest.l 1>&5
configure:4883: $? = 0
configure:4880: flex conftest.l 1>&5
configure:4883: $? = 0
configure:4880: flex conftest.l 1>&5
configure:4883: $? = 0
configure:4880: flex conftest.l 1>&5
configure:4883: $? = 0
configure:4880: flex conftest.l 1>&5
configure:4883: $? = 0
configure:4880: flex conftest.l 1>&5
configure:4883: $? = 0
configure:4880: flex conftest.l 1>&5
configure:4883: $? = 0
configure:4880: flex conftest.l 1>&5
configure:4883: $? = 0
configure:4880: flex conftest.l 1>&5
configure:4883: $? = 0
configure:4895: result: yes
configure:4926: checking if you want to use perl as an extension language
configure:4936: result: no
configure:5203: checking for getpwnam
configure:5240: gcc -o conftest -g -O2 -I/usr/local/opt/opencv@3/include  -D_DARWIN_C_SOURCE -L/usr/local/opt/opencv@3/lib conftest.c  >&5
configure:5243: $? = 0
configure:5246: test -s conftest
configure:5249: $? = 0
configure:5259: result: yes
configure:5330: checking for lint
configure:5345: found /Users/bharat-9052/.android/cmdline-tools/latest/bin/lint
configure:5353: result: lint
configure:5372: checking for ANSI C header files
configure:5386: gcc -E -I/usr/local/opt/opencv@3/include  -D_DARWIN_C_SOURCE conftest.c
configure:5392: $? = 0
configure:5479: gcc -o conftest -g -O2 -I/usr/local/opt/opencv@3/include  -D_DARWIN_C_SOURCE -L/usr/local/opt/opencv@3/lib conftest.c  >&5
configure:5482: $? = 0
configure:5484: ./conftest
configure:5487: $? = 0
configure:5500: result: yes
configure:5513: checking for dirent.h that defines DIR
configure:5534: gcc -c -g -O2 -I/usr/local/opt/opencv@3/include  -D_DARWIN_C_SOURCE conftest.c >&5
configure:5537: $? = 0
configure:5540: test -s conftest.o
configure:5543: $? = 0
configure:5553: result: yes
configure:5566: checking for opendir in -ldir
configure:5593: gcc -o conftest -g -O2 -I/usr/local/opt/opencv@3/include  -D_DARWIN_C_SOURCE -L/usr/local/opt/opencv@3/lib conftest.c -ldir   >&5
ld: library not found for -ldir
clang: error: linker command failed with exit code 1 (use -v to see invocation)
configure:5596: $? = 1
configure: failed program was:
#line 5574 "configure"
#include "confdefs.h"

/* Override any gcc2 internal prototype to avoid an error.  */
#ifdef __cplusplus
extern "C"
#endif
/* We use char because int might match the return type of a gcc2
   builtin and then its argument prototype would still apply.  */
char opendir ();
int
main ()
{
opendir ();
  ;
  return 0;
}
configure:5613: result: no
configure:5675: checking for nl_langinfo and CODESET
configure:5693: gcc -o conftest -g -O2 -I/usr/local/opt/opencv@3/include  -D_DARWIN_C_SOURCE -L/usr/local/opt/opencv@3/lib conftest.c  >&5
configure:5696: $? = 0
configure:5699: test -s conftest
configure:5702: $? = 0
configure:5713: result: yes
configure:5756: checking for fcntl.h
configure:5766: gcc -E -I/usr/local/opt/opencv@3/include  -D_DARWIN_C_SOURCE conftest.c
configure:5772: $? = 0
configure:5791: result: yes
configure:5756: checking for ioctl.h
configure:5766: gcc -E -I/usr/local/opt/opencv@3/include  -D_DARWIN_C_SOURCE conftest.c
configure:5763:10: fatal error: 'ioctl.h' file not found
#include <ioctl.h>
         ^~~~~~~~~
1 error generated.
configure:5772: $? = 1
configure: failed program was:
#line 5762 "configure"
#include "confdefs.h"
#include <ioctl.h>
configure:5791: result: no
configure:5756: checking for limits.h
configure:5766: gcc -E -I/usr/local/opt/opencv@3/include  -D_DARWIN_C_SOURCE conftest.c
configure:5772: $? = 0
configure:5791: result: yes
configure:5756: checking for memory.h
configure:5766: gcc -E -I/usr/local/opt/opencv@3/include  -D_DARWIN_C_SOURCE conftest.c
configure:5772: $? = 0
configure:5791: result: yes
configure:5756: checking for poll.h
configure:5766: gcc -E -I/usr/local/opt/opencv@3/include  -D_DARWIN_C_SOURCE conftest.c
configure:5772: $? = 0
configure:5791: result: yes
configure:5756: checking for pwd.h
configure:5766: gcc -E -I/usr/local/opt/opencv@3/include  -D_DARWIN_C_SOURCE conftest.c
configure:5772: $? = 0
configure:5791: result: yes
configure:5756: checking for search.h
configure:5766: gcc -E -I/usr/local/opt/opencv@3/include  -D_DARWIN_C_SOURCE conftest.c
configure:5772: $? = 0
configure:5791: result: yes
configure:5756: checking for select.h
configure:5766: gcc -E -I/usr/local/opt/opencv@3/include  -D_DARWIN_C_SOURCE conftest.c
configure:5763:10: fatal error: 'select.h' file not found
#include <select.h>
         ^~~~~~~~~~
1 error generated.
configure:5772: $? = 1
configure: failed program was:
#line 5762 "configure"
#include "confdefs.h"
#include <select.h>
configure:5791: result: no
configure:5756: checking for setjmp.h
configure:5766: gcc -E -I/usr/local/opt/opencv@3/include  -D_DARWIN_C_SOURCE conftest.c
configure:5772: $? = 0
configure:5791: result: yes
configure:5756: checking for sgtty.h
configure:5766: gcc -E -I/usr/local/opt/opencv@3/include  -D_DARWIN_C_SOURCE conftest.c
configure:5772: $? = 0
configure:5791: result: yes
configure:5756: checking for signal.h
configure:5766: gcc -E -I/usr/local/opt/opencv@3/include  -D_DARWIN_C_SOURCE conftest.c
configure:5772: $? = 0
configure:5791: result: yes
configure:5756: checking for stdarg.h
configure:5766: gcc -E -I/usr/local/opt/opencv@3/include  -D_DARWIN_C_SOURCE conftest.c
configure:5772: $? = 0
configure:5791: result: yes
configure:5756: checking for stddef.h
configure:5766: gcc -E -I/usr/local/opt/opencv@3/include  -D_DARWIN_C_SOURCE conftest.c
configure:5772: $? = 0
configure:5791: result: yes
configure:5756: checking for stdlib.h
configure:5766: gcc -E -I/usr/local/opt/opencv@3/include  -D_DARWIN_C_SOURCE conftest.c
configure:5772: $? = 0
configure:5791: result: yes
configure:5756: checking for string.h
configure:5766: gcc -E -I/usr/local/opt/opencv@3/include  -D_DARWIN_C_SOURCE conftest.c
configure:5772: $? = 0
configure:5791: result: yes
configure:5756: checking for sys/filio.h
configure:5766: gcc -E -I/usr/local/opt/opencv@3/include  -D_DARWIN_C_SOURCE conftest.c
configure:5772: $? = 0
configure:5791: result: yes
configure:5756: checking for sys/ioctl.h
configure:5766: gcc -E -I/usr/local/opt/opencv@3/include  -D_DARWIN_C_SOURCE conftest.c
configure:5772: $? = 0
configure:5791: result: yes
configure:5756: checking for sys/itimer.h
configure:5766: gcc -E -I/usr/local/opt/opencv@3/include  -D_DARWIN_C_SOURCE conftest.c
configure:5763:10: fatal error: 'sys/itimer.h' file not found
#include <sys/itimer.h>
         ^~~~~~~~~~~~~~
1 error generated.
configure:5772: $? = 1
configure: failed program was:
#line 5762 "configure"
#include "confdefs.h"
#include <sys/itimer.h>
configure:5791: result: no
configure:5756: checking for sys/param.h
configure:5766: gcc -E -I/usr/local/opt/opencv@3/include  -D_DARWIN_C_SOURCE conftest.c
configure:5772: $? = 0
configure:5791: result: yes
configure:5756: checking for sys/resource.h
configure:5766: gcc -E -I/usr/local/opt/opencv@3/include  -D_DARWIN_C_SOURCE conftest.c
configure:5772: $? = 0
configure:5791: result: yes
configure:5756: checking for sys/select.h
configure:5766: gcc -E -I/usr/local/opt/opencv@3/include  -D_DARWIN_C_SOURCE conftest.c
configure:5772: $? = 0
configure:5791: result: yes
configure:5756: checking for sys/socket.h
configure:5766: gcc -E -I/usr/local/opt/opencv@3/include  -D_DARWIN_C_SOURCE conftest.c
configure:5772: $? = 0
configure:5791: result: yes
configure:5756: checking for sys/time.h
configure:5766: gcc -E -I/usr/local/opt/opencv@3/include  -D_DARWIN_C_SOURCE conftest.c
configure:5772: $? = 0
configure:5791: result: yes
configure:5756: checking for sys/wait.h
configure:5766: gcc -E -I/usr/local/opt/opencv@3/include  -D_DARWIN_C_SOURCE conftest.c
configure:5772: $? = 0
configure:5791: result: yes
configure:5756: checking for termio.h
configure:5766: gcc -E -I/usr/local/opt/opencv@3/include  -D_DARWIN_C_SOURCE conftest.c
configure:5763:10: fatal error: 'termio.h' file not found
#include <termio.h>
         ^~~~~~~~~~
1 error generated.
configure:5772: $? = 1
configure: failed program was:
#line 5762 "configure"
#include "confdefs.h"
#include <termio.h>
configure:5791: result: no
configure:5756: checking for termios.h
configure:5766: gcc -E -I/usr/local/opt/opencv@3/include  -D_DARWIN_C_SOURCE conftest.c
configure:5772: $? = 0
configure:5791: result: yes
configure:5756: checking for unistd.h
configure:5766: gcc -E -I/usr/local/opt/opencv@3/include  -D_DARWIN_C_SOURCE conftest.c
configure:5772: $? = 0
configure:5791: result: yes
configure:5756: checking for utime.h
configure:5766: gcc -E -I/usr/local/opt/opencv@3/include  -D_DARWIN_C_SOURCE conftest.c
configure:5772: $? = 0
configure:5791: result: yes
configure:5756: checking for varargs.h
configure:5766: gcc -E -I/usr/local/opt/opencv@3/include  -D_DARWIN_C_SOURCE conftest.c
In file included from configure:5763:
/Applications/Xcode.app/Contents/Developer/Toolchains/XcodeDefault.xctoolchain/usr/lib/clang/13.0.0/include/varargs.h:11:4: error: "Please use <stdarg.h> instead of <varargs.h>"
  #error "Please use <stdarg.h> instead of <varargs.h>"
   ^
1 error generated.
configure:5772: $? = 1
configure: failed program was:
#line 5762 "configure"
#include "confdefs.h"
#include <varargs.h>
configure:5791: result: no
configure:5802: checking return type of signal handlers
configure:5830: gcc -c -g -O2 -I/usr/local/opt/opencv@3/include  -D_DARWIN_C_SOURCE conftest.c >&5
configure:5833: $? = 0
configure:5836: test -s conftest.o
configure:5839: $? = 0
configure:5849: result: void
configure:5878: checking for sys/types.h
configure:5890: gcc -c -g -O2 -I/usr/local/opt/opencv@3/include  -D_DARWIN_C_SOURCE conftest.c >&5
configure:5893: $? = 0
configure:5896: test -s conftest.o
configure:5899: $? = 0
configure:5909: result: yes
configure:5878: checking for sys/stat.h
configure:5890: gcc -c -g -O2 -I/usr/local/opt/opencv@3/include  -D_DARWIN_C_SOURCE conftest.c >&5
configure:5893: $? = 0
configure:5896: test -s conftest.o
configure:5899: $? = 0
configure:5909: result: yes
configure:5878: checking for stdlib.h
configure:5909: result: yes
configure:5878: checking for string.h
configure:5909: result: yes
configure:5878: checking for memory.h
configure:5909: result: yes
configure:5878: checking for strings.h
configure:5890: gcc -c -g -O2 -I/usr/local/opt/opencv@3/include  -D_DARWIN_C_SOURCE conftest.c >&5
configure:5893: $? = 0
configure:5896: test -s conftest.o
configure:5899: $? = 0
configure:5909: result: yes
configure:5878: checking for inttypes.h
configure:5890: gcc -c -g -O2 -I/usr/local/opt/opencv@3/include  -D_DARWIN_C_SOURCE conftest.c >&5
configure:5893: $? = 0
configure:5896: test -s conftest.o
configure:5899: $? = 0
configure:5909: result: yes
configure:5878: checking for stdint.h
configure:5890: gcc -c -g -O2 -I/usr/local/opt/opencv@3/include  -D_DARWIN_C_SOURCE conftest.c >&5
configure:5893: $? = 0
configure:5896: test -s conftest.o
configure:5899: $? = 0
configure:5909: result: yes
configure:5878: checking for unistd.h
configure:5909: result: yes
configure:5919: checking for size_t
configure:5940: gcc -c -g -O2 -I/usr/local/opt/opencv@3/include  -D_DARWIN_C_SOURCE conftest.c >&5
configure:5943: $? = 0
configure:5946: test -s conftest.o
configure:5949: $? = 0
configure:5959: result: yes
configure:5971: checking for uid_t in sys/types.h
configure:5991: result: yes
configure:6005: checking for pid_t
configure:6026: gcc -c -g -O2 -I/usr/local/opt/opencv@3/include  -D_DARWIN_C_SOURCE conftest.c >&5
configure:6029: $? = 0
configure:6032: test -s conftest.o
configure:6035: $? = 0
configure:6045: result: yes
configure:6057: checking for time_t
configure:6078: gcc -c -g -O2 -I/usr/local/opt/opencv@3/include  -D_DARWIN_C_SOURCE conftest.c >&5
configure:6081: $? = 0
configure:6084: test -s conftest.o
configure:6087: $? = 0
configure:6097: result: yes
configure:6109: checking for intptr_t
configure:6130: gcc -c -g -O2 -I/usr/local/opt/opencv@3/include  -D_DARWIN_C_SOURCE conftest.c >&5
configure:6133: $? = 0
configure:6136: test -s conftest.o
configure:6139: $? = 0
configure:6149: result: yes
configure:6163: checking whether setvbuf arguments are reversed
configure:6191: gcc -o conftest -g -O2 -I/usr/local/opt/opencv@3/include  -D_DARWIN_C_SOURCE -L/usr/local/opt/opencv@3/lib conftest.c  >&5
configure:6183:23: warning: incompatible integer to pointer conversion passing 'int' to parameter of type 'char *' [-Wint-conversion]
  if (setvbuf(stdout, _IOLBF, (char *) main, BUFSIZ) != 0)
                      ^~~~~~
/Applications/Xcode.app/Contents/Developer/Platforms/MacOSX.platform/Developer/SDKs/MacOSX.sdk/usr/include/stdio.h:100:16: note: expanded from macro '_IOLBF'
#define _IOLBF  1               /* setvbuf should set line buffered */
                ^
/Applications/Xcode.app/Contents/Developer/Platforms/MacOSX.platform/Developer/SDKs/MacOSX.sdk/usr/include/stdio.h:179:50: note: passing argument to parameter here
int      setvbuf(FILE * __restrict, char * __restrict, int, size_t);
                                                     ^
configure:6183:31: warning: incompatible pointer to integer conversion passing 'char *' to parameter of type 'int' [-Wint-conversion]
  if (setvbuf(stdout, _IOLBF, (char *) main, BUFSIZ) != 0)
                              ^~~~~~~~~~~~~
/Applications/Xcode.app/Contents/Developer/Platforms/MacOSX.platform/Developer/SDKs/MacOSX.sdk/usr/include/stdio.h:179:55: note: passing argument to parameter here
int      setvbuf(FILE * __restrict, char * __restrict, int, size_t);
                                                          ^
2 warnings generated.
configure:6194: $? = 0
configure:6196: ./conftest
configure:6199: $? = 1
configure: program exited with status 1
configure: failed program was:
#line 6174 "configure"
#include "confdefs.h"
#include <stdio.h>
/* If setvbuf has the reversed format, exit 0. */
int
main ()
{
  /* This call has the arguments reversed.
     A reversed system may check and see that the address of main
     is not _IOLBF, _IONBF, or _IOFBF, and return nonzero.  */
  if (setvbuf(stdout, _IOLBF, (char *) main, BUFSIZ) != 0)
    return(1);
  putc('\r', stdout);
  return(0);			/* Non-reversed systems segv here.  */
}
configure:6212: result: no
configure:6225: checking whether stat file-mode macros are broken
configure:6270: result: no
configure:6280: checking for struct stat.st_blksize
configure:6300: gcc -c -g -O2 -I/usr/local/opt/opencv@3/include  -D_DARWIN_C_SOURCE conftest.c >&5
configure:6303: $? = 0
configure:6306: test -s conftest.o
configure:6309: $? = 0
configure:6319: result: yes
configure:6333: checking for struct stat.st_blocks
configure:6353: gcc -c -g -O2 -I/usr/local/opt/opencv@3/include  -D_DARWIN_C_SOURCE conftest.c >&5
configure:6356: $? = 0
configure:6359: test -s conftest.o
configure:6362: $? = 0
configure:6372: result: yes
configure:6388: checking for struct stat.st_rdev
configure:6408: gcc -c -g -O2 -I/usr/local/opt/opencv@3/include  -D_DARWIN_C_SOURCE conftest.c >&5
configure:6411: $? = 0
configure:6414: test -s conftest.o
configure:6417: $? = 0
configure:6427: result: yes
configure:6441: checking whether struct tm is in sys/time.h or time.h
configure:6461: gcc -c -g -O2 -I/usr/local/opt/opencv@3/include  -D_DARWIN_C_SOURCE conftest.c >&5
configure:6454:20: warning: expression result unused [-Wunused-value]
struct tm *tp; tp->tm_sec;
               ~~  ^~~~~~
1 warning generated.
configure:6464: $? = 0
configure:6467: test -s conftest.o
configure:6470: $? = 0
configure:6480: result: time.h
configure:6490: checking whether time.h and sys/time.h may both be included
configure:6512: gcc -c -g -O2 -I/usr/local/opt/opencv@3/include  -D_DARWIN_C_SOURCE conftest.c >&5
configure:6515: $? = 0
configure:6518: test -s conftest.o
configure:6521: $? = 0
configure:6531: result: yes
configure:6541: checking if we can include select.h with time.h
configure:6578: gcc -c -g -O2 -I/usr/local/opt/opencv@3/include  -D_DARWIN_C_SOURCE conftest.c >&5
configure:6581: $? = 0
configure:6584: test -s conftest.o
configure:6587: $? = 0
configure:6598: result: yes
configure:6604: checking if we may include sys/resource.h with sys/wait.h
configure:6635: gcc -c -g -O2 -I/usr/local/opt/opencv@3/include  -D_DARWIN_C_SOURCE conftest.c >&5
configure:6613:87: error: missing ')' after 'defined'
#if defined(HAVE_SYS_TIME_H) && (defined(SELECT_WITH_TIME) || !(defined(HAVE_SELECT_H || defined(HAVE_SYS_SELECT_H))))
                                                                                      ^
configure:6613:72: note: to match this '('
#if defined(HAVE_SYS_TIME_H) && (defined(SELECT_WITH_TIME) || !(defined(HAVE_SELECT_H || defined(HAVE_SYS_SELECT_H))))
                                                                       ^
1 error generated.
configure:6638: $? = 1
configure: failed program was:
#line 6611 "configure"
#include "confdefs.h"

#if defined(HAVE_SYS_TIME_H) && (defined(SELECT_WITH_TIME) || !(defined(HAVE_SELECT_H || defined(HAVE_SYS_SELECT_H))))
#include <sys/time.h>
#ifdef TIME_WITH_SYS_TIME
# include <time.h>
#endif
#else
#include <time.h>
#endif
#include <sys/types.h>
#include <sys/resource.h>
#include <sys/wait.h>

int
main ()
{

  ;
  return 0;
}
configure:6655: result: no
configure:6668: checking for termio.h
configure:6703: result: no
configure:6668: checking for termios.h
configure:6703: result: yes
configure:6668: checking for unistd.h
configure:6703: result: yes
configure:6771: checking whether termios.h needs _POSIX_SOURCE
configure:6786: gcc -c -g -O2 -I/usr/local/opt/opencv@3/include  -D_DARWIN_C_SOURCE conftest.c >&5
configure:6789: $? = 0
configure:6792: test -s conftest.o
configure:6795: $? = 0
configure:6841: result: no
configure:6846: checking declaration of size-change
configure:6905: gcc -c -g -O2 -I/usr/local/opt/opencv@3/include  -D_DARWIN_C_SOURCE conftest.c >&5
configure:6908: $? = 0
configure:6911: test -s conftest.o
configure:6914: $? = 0
size-change succeeded ()
configure:6933: result: yes
configure:6950: checking for file-pointer ready definition
test-compile ( (p)->_IO_read_ptr < (p)->_IO_read_end)
configure:6979: gcc -c -g -O2 -I/usr/local/opt/opencv@3/include  -D_DARWIN_C_SOURCE conftest.c >&5
configure:6972:9: error: no member named '_IO_read_ptr' in 'struct __sFILE'
int x = isready_c(stdin)
        ^~~~~~~~~~~~~~~~
configure:6967:29: note: expanded from macro 'isready_c'
#define isready_c(p) ( (p)->_IO_read_ptr < (p)->_IO_read_end)
                       ~~~  ^
configure:6972:9: error: no member named '_IO_read_end' in 'struct __sFILE'
int x = isready_c(stdin)
        ^~~~~~~~~~~~~~~~
configure:6967:49: note: expanded from macro 'isready_c'
#define isready_c(p) ( (p)->_IO_read_ptr < (p)->_IO_read_end)
                                           ~~~  ^
2 errors generated.
configure:6982: $? = 1
configure: failed program was:
#line 6964 "configure"
#include "confdefs.h"

#include <stdio.h>
#define isready_c(p) ( (p)->_IO_read_ptr < (p)->_IO_read_end)

int
main ()
{
int x = isready_c(stdin)
  ;
  return 0;
}
test-compile ( (p)->__cnt > 0)
configure:6979: gcc -c -g -O2 -I/usr/local/opt/opencv@3/include  -D_DARWIN_C_SOURCE conftest.c >&5
configure:6972:9: error: no member named '__cnt' in 'struct __sFILE'
int x = isready_c(stdin)
        ^~~~~~~~~~~~~~~~
configure:6967:29: note: expanded from macro 'isready_c'
#define isready_c(p) ( (p)->__cnt > 0)
                       ~~~  ^
1 error generated.
configure:6982: $? = 1
configure: failed program was:
#line 6964 "configure"
#include "confdefs.h"

#include <stdio.h>
#define isready_c(p) ( (p)->__cnt > 0)

int
main ()
{
int x = isready_c(stdin)
  ;
  return 0;
}
test-compile ( (p)->__rptr < (p)->__rend)
configure:6979: gcc -c -g -O2 -I/usr/local/opt/opencv@3/include  -D_DARWIN_C_SOURCE conftest.c >&5
configure:6972:9: error: no member named '__rptr' in 'struct __sFILE'
int x = isready_c(stdin)
        ^~~~~~~~~~~~~~~~
configure:6967:29: note: expanded from macro 'isready_c'
#define isready_c(p) ( (p)->__rptr < (p)->__rend)
                       ~~~  ^
configure:6972:9: error: no member named '__rend' in 'struct __sFILE'; did you mean '_read'?
configure:6967:43: note: expanded from macro 'isready_c'
#define isready_c(p) ( (p)->__rptr < (p)->__rend)
                                          ^
/Applications/Xcode.app/Contents/Developer/Platforms/MacOSX.platform/Developer/SDKs/MacOSX.sdk/usr/include/_stdio.h:138:19: note: '_read' declared here
        int     (* _Nullable _read) (void *, char *, int);
                             ^
2 errors generated.
configure:6982: $? = 1
configure: failed program was:
#line 6964 "configure"
#include "confdefs.h"

#include <stdio.h>
#define isready_c(p) ( (p)->__rptr < (p)->__rend)

int
main ()
{
int x = isready_c(stdin)
  ;
  return 0;
}
test-compile ( (p)->_cnt > 0)
configure:6979: gcc -c -g -O2 -I/usr/local/opt/opencv@3/include  -D_DARWIN_C_SOURCE conftest.c >&5
configure:6972:9: error: no member named '_cnt' in 'struct __sFILE'
int x = isready_c(stdin)
        ^~~~~~~~~~~~~~~~
configure:6967:29: note: expanded from macro 'isready_c'
#define isready_c(p) ( (p)->_cnt > 0)
                       ~~~  ^
1 error generated.
configure:6982: $? = 1
configure: failed program was:
#line 6964 "configure"
#include "confdefs.h"

#include <stdio.h>
#define isready_c(p) ( (p)->_cnt > 0)

int
main ()
{
int x = isready_c(stdin)
  ;
  return 0;
}
test-compile ( (p)->_gptr < (p)->_egptr)
configure:6979: gcc -c -g -O2 -I/usr/local/opt/opencv@3/include  -D_DARWIN_C_SOURCE conftest.c >&5
configure:6972:9: error: no member named '_gptr' in 'struct __sFILE'
int x = isready_c(stdin)
        ^~~~~~~~~~~~~~~~
configure:6967:29: note: expanded from macro 'isready_c'
#define isready_c(p) ( (p)->_gptr < (p)->_egptr)
                       ~~~  ^
configure:6972:9: error: no member named '_egptr' in 'struct __sFILE'
int x = isready_c(stdin)
        ^~~~~~~~~~~~~~~~
configure:6967:42: note: expanded from macro 'isready_c'
#define isready_c(p) ( (p)->_gptr < (p)->_egptr)
                                    ~~~  ^
2 errors generated.
configure:6982: $? = 1
configure: failed program was:
#line 6964 "configure"
#include "confdefs.h"

#include <stdio.h>
#define isready_c(p) ( (p)->_gptr < (p)->_egptr)

int
main ()
{
int x = isready_c(stdin)
  ;
  return 0;
}
test-compile ( (p)->_r > 0)
configure:6979: gcc -c -g -O2 -I/usr/local/opt/opencv@3/include  -D_DARWIN_C_SOURCE conftest.c >&5
configure:6982: $? = 0
configure:6985: test -s conftest.o
configure:6988: $? = 0
configure:7012: result: ( (p)->_r > 0)
configure:7019: checking for <wctype.h> and functions
configure:7053: gcc -c -g -O2 -I/usr/local/opt/opencv@3/include  -D_DARWIN_C_SOURCE conftest.c >&5
configure:7056: $? = 0
configure:7059: test -s conftest.o
configure:7062: $? = 0
configure:7073: result: yes
configure:7076: checking for library containing wctype
configure:7103: gcc -o conftest -g -O2 -I/usr/local/opt/opencv@3/include  -D_DARWIN_C_SOURCE -L/usr/local/opt/opencv@3/lib conftest.c  >&5
configure:7106: $? = 0
configure:7109: test -s conftest
configure:7112: $? = 0
configure:7165: result: none required
configure:7178: checking for long file names
configure:7217: result: yes
configure:7227: checking for restartable reads on pipes
configure:7284: gcc -o conftest -g -O2 -I/usr/local/opt/opencv@3/include  -D_DARWIN_C_SOURCE -L/usr/local/opt/opencv@3/lib conftest.c  >&5
configure:7244:1: warning: type specifier missing, defaults to 'int' [-Wimplicit-int]
sigwrapper(sig, disp)
^
configure:7256:1: warning: non-void function does not return a value [-Wreturn-type]
}
^
configure:7260:1: warning: type specifier missing, defaults to 'int' [-Wimplicit-int]
ucatch (isig) { }
^
configure:7260:17: warning: non-void function does not return a value [-Wreturn-type]
ucatch (isig) { }
                ^
configure:7261:1: warning: type specifier missing, defaults to 'int' [-Wimplicit-int]
main () {
^
configure:7265:3: error: implicit declaration of function 'pipe' is invalid in C99 [-Werror,-Wimplicit-function-declaration]
  pipe(fd);
  ^
configure:7266:7: error: implicit declaration of function 'fork' is invalid in C99 [-Werror,-Wimplicit-function-declaration]
  i = fork();
      ^
configure:7268:7: error: implicit declaration of function 'sleep' is invalid in C99 [-Werror,-Wimplicit-function-declaration]
      sleep (2);
      ^
configure:7269:13: error: implicit declaration of function 'getppid' is invalid in C99 [-Werror,-Wimplicit-function-declaration]
      kill (getppid (), SIGINT);
            ^
configure:7271:7: error: implicit declaration of function 'write' is invalid in C99 [-Werror,-Wimplicit-function-declaration]
      write(fd[1],"done",4);
      ^
configure:7272:7: error: implicit declaration of function 'close' is invalid in C99 [-Werror,-Wimplicit-function-declaration]
      close(fd[1]);
      ^
configure:7275:23: warning: incompatible function pointer types passing 'int ()' to parameter of type 'void (*)()' [-Wincompatible-function-pointer-types]
  sigwrapper (SIGINT, ucatch);
                      ^~~~~~
configure:7276:12: error: implicit declaration of function 'read' is invalid in C99 [-Werror,-Wimplicit-function-declaration]
  status = read(fd[0], buff, sizeof(buff));
           ^
configure:7277:3: error: implicit declaration of function 'wait' is invalid in C99 [-Werror,-Wimplicit-function-declaration]
  wait (&i);
  ^
6 warnings and 8 errors generated.
configure:7287: $? = 1
configure: program exited with status 1
configure: failed program was:
#line 7237 "configure"
#include "confdefs.h"
/* Exit 0 (true) if wait returns something other than -1,
   i.e. the pid of the child, which means that wait was restarted
   after getting the signal.  */
#include <sys/types.h>
#include <signal.h>
#ifdef SA_RESTART
sigwrapper(sig, disp)
int sig;
void (*disp)();
{
    struct sigaction act, oact;

    act.sa_handler = disp;
    sigemptyset(&act.sa_mask);
    act.sa_flags = SA_RESTART;

    (void)sigaction(sig, &act, &oact);

}
#else
# define sigwrapper signal
#endif
ucatch (isig) { }
main () {
  int i, status;
  int fd[2];
  char buff[2];
  pipe(fd);
  i = fork();
  if (i == 0) {
      sleep (2);
      kill (getppid (), SIGINT);
      sleep (2);
      write(fd[1],"done",4);
      close(fd[1]);
      return (0);
  }
  sigwrapper (SIGINT, ucatch);
  status = read(fd[0], buff, sizeof(buff));
  wait (&i);
  return (status == -1);
}

configure:7305: result: no
configure:7314: checking for va_copy
configure:7338: gcc -o conftest -g -O2 -I/usr/local/opt/opencv@3/include  -D_DARWIN_C_SOURCE -L/usr/local/opt/opencv@3/lib conftest.c  >&5
configure:7341: $? = 0
configure:7344: test -s conftest
configure:7347: $? = 0
configure:7357: result: yes
configure:7364: checking for __va_copy
configure:7388: gcc -o conftest -g -O2 -I/usr/local/opt/opencv@3/include  -D_DARWIN_C_SOURCE -L/usr/local/opt/opencv@3/lib conftest.c  >&5
configure:7391: $? = 0
configure:7394: test -s conftest
configure:7397: $? = 0
configure:7407: result: yes
configure:7414: checking whether setpgrp takes no argument
configure:7442: gcc -o conftest -g -O2 -I/usr/local/opt/opencv@3/include  -D_DARWIN_C_SOURCE -L/usr/local/opt/opencv@3/lib conftest.c  >&5
configure:7435:20: error: too many arguments to function call, expected 0, have 2
  return (setpgrp (1,1) == -1);
          ~~~~~~~  ^~~
/Applications/Xcode.app/Contents/Developer/Platforms/MacOSX.platform/Developer/SDKs/MacOSX.sdk/usr/include/unistd.h:588:8: note: 'setpgrp' declared here
pid_t    setpgrp(void) __DARWIN_ALIAS(setpgrp);
         ^
1 error generated.
configure:7445: $? = 1
configure: program exited with status 1
configure: failed program was:
#line 7425 "configure"
#include "confdefs.h"
#if HAVE_UNISTD_H
# include <unistd.h>
#endif

int
main ()
{
/* If this system has a BSD-style setpgrp, which takes arguments, exit
   successfully.  */
  return (setpgrp (1,1) == -1);
  ;
  return 0;
}
configure:7462: result: yes
configure:7472: checking whether getpgrp takes no argument
configure:7491: gcc -c -g -O2 -I/usr/local/opt/opencv@3/include  -D_DARWIN_C_SOURCE conftest.c >&5
configure:7517:10: error: too many arguments to function call, expected 0, have 1
getpgrp (0);
~~~~~~~  ^
/Applications/Xcode.app/Contents/Developer/Platforms/MacOSX.platform/Developer/SDKs/MacOSX.sdk/usr/include/unistd.h:459:8: note: 'getpgrp' declared here
pid_t    getpgrp(void);
         ^
1 error generated.
configure:7494: $? = 1
configure: failed program was:
#line 7479 "configure"
#include "confdefs.h"
#include <stdio.h>
#if HAVE_SYS_TYPES_H
# include <sys/types.h>
#endif
#if HAVE_SYS_STAT_H
# include <sys/stat.h>
#endif
#if STDC_HEADERS
# include <stdlib.h>
# include <stddef.h>
#else
# if HAVE_STDLIB_H
#  include <stdlib.h>
# endif
#endif
#if HAVE_STRING_H
# if !STDC_HEADERS && HAVE_MEMORY_H
#  include <memory.h>
# endif
# include <string.h>
#endif
#if HAVE_STRINGS_H
# include <strings.h>
#endif
#if HAVE_INTTYPES_H
# include <inttypes.h>
#else
# if HAVE_STDINT_H
#  include <stdint.h>
# endif
#endif
#if HAVE_UNISTD_H
# include <unistd.h>
#endif
int
main ()
{
getpgrp (0);
  ;
  return 0;
}
configure:7523: gcc -c -g -O2 -I/usr/local/opt/opencv@3/include  -D_DARWIN_C_SOURCE conftest.c >&5
configure:7526: $? = 0
configure:7529: test -s conftest.o
configure:7532: $? = 0
configure:7627: result: yes
configure:7637: checking if killpg is needed
configure:7672: gcc -o conftest -g -O2 -I/usr/local/opt/opencv@3/include  -D_DARWIN_C_SOURCE -L/usr/local/opt/opencv@3/lib conftest.c  >&5
configure:7655:5: error: implicitly declaring library function 'exit' with type 'void (int) __attribute__((noreturn))' [-Werror,-Wimplicit-function-declaration]
    exit(0);
    ^
configure:7655:5: note: include the header <stdlib.h> or explicitly provide a declaration for 'exit'
configure:7658:1: warning: type specifier missing, defaults to 'int' [-Wimplicit-int]
main()
^
configure:7661:12: error: implicit declaration of function 'setpgrp' is invalid in C99 [-Werror,-Wimplicit-function-declaration]
    (void) setpgrp();
           ^
configure:7666:18: error: implicit declaration of function 'getpid' is invalid in C99 [-Werror,-Wimplicit-function-declaration]
    (void) kill(-getpid(), SIGINT);
                 ^
1 warning and 3 errors generated.
configure:7675: $? = 1
configure: program exited with status 1
configure: failed program was:
#line 7647 "configure"
#include "confdefs.h"

#include <sys/types.h>
#include <signal.h>
RETSIGTYPE
handler(s)
    int s;
{
    exit(0);
}

main()
{
#ifdef SETPGRP_VOID
    (void) setpgrp();
#else
    (void) setpgrp(0,0);
#endif
    (void) signal(SIGINT, handler);
    (void) kill(-getpid(), SIGINT);
    return(1);
}
configure:7693: result: yes
configure:7700: checking if external errno is declared
configure:7725: gcc -c -g -O2 -I/usr/local/opt/opencv@3/include  -D_DARWIN_C_SOURCE conftest.c >&5
configure:7728: $? = 0
configure:7731: test -s conftest.o
configure:7734: $? = 0
configure:7745: result: yes
configure:7760: checking if external errno exists
configure:7782: gcc -o conftest -g -O2 -I/usr/local/opt/opencv@3/include  -D_DARWIN_C_SOURCE -L/usr/local/opt/opencv@3/lib conftest.c  >&5
configure:7785: $? = 0
configure:7788: test -s conftest
configure:7791: $? = 0
configure:7802: result: yes
configure:7815: checking if external environ is declared
configure:7838: gcc -c -g -O2 -I/usr/local/opt/opencv@3/include  -D_DARWIN_C_SOURCE conftest.c >&5
configure:7831:15: error: use of undeclared identifier 'environ'; did you mean 'union'?
int x = (int) environ
              ^~~~~~~
              union
configure:7831:15: error: expected expression
2 errors generated.
configure:7841: $? = 1
configure: failed program was:
#line 7822 "configure"
#include "confdefs.h"

#ifdef HAVE_STDLIB_H
#include <stdlib.h>
#endif
#include <unistd.h>
int
main ()
{
int x = (int) environ
  ;
  return 0;
}
configure:7858: result: no
configure:7873: checking if external environ exists
configure:7895: gcc -o conftest -g -O2 -I/usr/local/opt/opencv@3/include  -D_DARWIN_C_SOURCE -L/usr/local/opt/opencv@3/lib conftest.c  >&5
configure:7898: $? = 0
configure:7901: test -s conftest
configure:7904: $? = 0
configure:7915: result: yes
configure:7928: checking if external sys_nerr is declared
configure:7953: gcc -c -g -O2 -I/usr/local/opt/opencv@3/include  -D_DARWIN_C_SOURCE conftest.c >&5
configure:7956: $? = 0
configure:7959: test -s conftest.o
configure:7962: $? = 0
configure:7973: result: yes
configure:7988: checking if external sys_nerr exists
configure:8010: gcc -o conftest -g -O2 -I/usr/local/opt/opencv@3/include  -D_DARWIN_C_SOURCE -L/usr/local/opt/opencv@3/lib conftest.c  >&5
configure:8013: $? = 0
configure:8016: test -s conftest
configure:8019: $? = 0
configure:8030: result: yes
configure:8043: checking if external sys_errlist is declared
configure:8068: gcc -c -g -O2 -I/usr/local/opt/opencv@3/include  -D_DARWIN_C_SOURCE conftest.c >&5
configure:8061:9: warning: cast to smaller integer type 'int' from 'const char *const *' [-Wpointer-to-int-cast]
int x = (int) sys_errlist
        ^~~~~~~~~~~~~~~~~
1 warning generated.
configure:8071: $? = 0
configure:8074: test -s conftest.o
configure:8077: $? = 0
configure:8088: result: yes
configure:8103: checking if external sys_errlist exists
configure:8125: gcc -o conftest -g -O2 -I/usr/local/opt/opencv@3/include  -D_DARWIN_C_SOURCE -L/usr/local/opt/opencv@3/lib conftest.c  >&5
configure:8128: $? = 0
configure:8131: test -s conftest
configure:8134: $? = 0
configure:8145: result: yes
configure:8167: checking for screen type
configure:8188: result: termcap
configure:16568: checking if you want to use ncurses
configure:16578: result: no
configure:16599: gcc -o conftest -g -O2 -I/usr/local/opt/opencv@3/include  -D_DARWIN_C_SOURCE -L/usr/local/opt/opencv@3/lib conftest.c  >&5
configure:16592:16: error: implicit declaration of function 'tgoto' is invalid in C99 [-Werror,-Wimplicit-function-declaration]
char *x=(char*)tgoto("",0,0)
               ^
configure:16592:9: warning: cast to 'char *' from smaller integer type 'int' [-Wint-to-pointer-cast]
char *x=(char*)tgoto("",0,0)
        ^~~~~~~~~~~~~~~~~~~~
1 warning and 1 error generated.
configure:16602: $? = 1
configure: failed program was:
#line 16587 "configure"
#include "confdefs.h"

int
main ()
{
char *x=(char*)tgoto("",0,0)
  ;
  return 0;
}
configure:18053: checking for tigetstr in -lcurses
configure:18068: gcc -o conftest -g -O2 -I/usr/local/opt/opencv@3/include  -D_DARWIN_C_SOURCE -L/usr/local/opt/opencv@3/lib conftest.c -lcurses  >&5
configure:18061:7: error: implicit declaration of function 'tigetstr' is invalid in C99 [-Werror,-Wimplicit-function-declaration]
int x=tigetstr("")
      ^
1 error generated.
configure:18071: $? = 1
configure: failed program was:
#line 18056 "configure"
#include "confdefs.h"

int
main ()
{
int x=tigetstr("")
  ;
  return 0;
}
configure:18086: result: no
configure:18053: checking for tgetstr in -lcurses
configure:18068: gcc -o conftest -g -O2 -I/usr/local/opt/opencv@3/include  -D_DARWIN_C_SOURCE -L/usr/local/opt/opencv@3/lib conftest.c -lcurses  >&5
configure:18061:7: error: implicit declaration of function 'tgetstr' is invalid in C99 [-Werror,-Wimplicit-function-declaration]
int x=tgetstr("")
      ^
1 error generated.
configure:18071: $? = 1
configure: failed program was:
#line 18056 "configure"
#include "confdefs.h"

int
main ()
{
int x=tgetstr("")
  ;
  return 0;
}
configure:18086: result: no
configure:18053: checking for tigetstr in -lncurses
configure:18068: gcc -o conftest -g -O2 -I/usr/local/opt/opencv@3/include  -D_DARWIN_C_SOURCE -L/usr/local/opt/opencv@3/lib conftest.c -lncurses  >&5
configure:18061:7: error: implicit declaration of function 'tigetstr' is invalid in C99 [-Werror,-Wimplicit-function-declaration]
int x=tigetstr("")
      ^
1 error generated.
configure:18071: $? = 1
configure: failed program was:
#line 18056 "configure"
#include "confdefs.h"

int
main ()
{
int x=tigetstr("")
  ;
  return 0;
}
configure:18086: result: no
configure:18053: checking for tgetstr in -lncurses
configure:18068: gcc -o conftest -g -O2 -I/usr/local/opt/opencv@3/include  -D_DARWIN_C_SOURCE -L/usr/local/opt/opencv@3/lib conftest.c -lncurses  >&5
configure:18061:7: error: implicit declaration of function 'tgetstr' is invalid in C99 [-Werror,-Wimplicit-function-declaration]
int x=tgetstr("")
      ^
1 error generated.
configure:18071: $? = 1
configure: failed program was:
#line 18056 "configure"
#include "confdefs.h"

int
main ()
{
int x=tgetstr("")
  ;
  return 0;
}
configure:18086: result: no
configure:18053: checking for tigetstr in -ltermlib
configure:18068: gcc -o conftest -g -O2 -I/usr/local/opt/opencv@3/include  -D_DARWIN_C_SOURCE -L/usr/local/opt/opencv@3/lib conftest.c -ltermlib  >&5
configure:18061:7: error: implicit declaration of function 'tigetstr' is invalid in C99 [-Werror,-Wimplicit-function-declaration]
int x=tigetstr("")
      ^
1 error generated.
configure:18071: $? = 1
configure: failed program was:
#line 18056 "configure"
#include "confdefs.h"

int
main ()
{
int x=tigetstr("")
  ;
  return 0;
}
configure:18086: result: no
configure:18053: checking for tgetstr in -ltermlib
configure:18068: gcc -o conftest -g -O2 -I/usr/local/opt/opencv@3/include  -D_DARWIN_C_SOURCE -L/usr/local/opt/opencv@3/lib conftest.c -ltermlib  >&5
configure:18061:7: error: implicit declaration of function 'tgetstr' is invalid in C99 [-Werror,-Wimplicit-function-declaration]
int x=tgetstr("")
      ^
1 error generated.
configure:18071: $? = 1
configure: failed program was:
#line 18056 "configure"
#include "confdefs.h"

int
main ()
{
int x=tgetstr("")
  ;
  return 0;
}
configure:18086: result: no
configure:18053: checking for tigetstr in -ltermcap
configure:18068: gcc -o conftest -g -O2 -I/usr/local/opt/opencv@3/include  -D_DARWIN_C_SOURCE -L/usr/local/opt/opencv@3/lib conftest.c -ltermcap  >&5
configure:18061:7: error: implicit declaration of function 'tigetstr' is invalid in C99 [-Werror,-Wimplicit-function-declaration]
int x=tigetstr("")
      ^
1 error generated.
configure:18071: $? = 1
configure: failed program was:
#line 18056 "configure"
#include "confdefs.h"

int
main ()
{
int x=tigetstr("")
  ;
  return 0;
}
configure:18086: result: no
configure:18053: checking for tgetstr in -ltermcap
configure:18068: gcc -o conftest -g -O2 -I/usr/local/opt/opencv@3/include  -D_DARWIN_C_SOURCE -L/usr/local/opt/opencv@3/lib conftest.c -ltermcap  >&5
configure:18061:7: error: implicit declaration of function 'tgetstr' is invalid in C99 [-Werror,-Wimplicit-function-declaration]
int x=tgetstr("")
      ^
1 error generated.
configure:18071: $? = 1
configure: failed program was:
#line 18056 "configure"
#include "confdefs.h"

int
main ()
{
int x=tgetstr("")
  ;
  return 0;
}
configure:18086: result: no
configure:18103: checking for initscr in -lcurses
configure:18130: gcc -o conftest -g -O2 -I/usr/local/opt/opencv@3/include  -D_DARWIN_C_SOURCE -L/usr/local/opt/opencv@3/lib conftest.c -lcurses   >&5
configure:18133: $? = 0
configure:18136: test -s conftest
configure:18139: $? = 0
configure:18150: result: yes
configure:18156: checking for tgoto in -ltermcap
configure:18183: gcc -o conftest -g -O2 -I/usr/local/opt/opencv@3/include  -D_DARWIN_C_SOURCE -L/usr/local/opt/opencv@3/lib conftest.c -ltermcap  -lcurses  >&5
configure:18186: $? = 0
configure:18189: test -s conftest
configure:18192: $? = 0
configure:18203: result: yes
configure:18228: checking for symbolic link to create to vile
configure:18238: result: no
configure:18863: gcc -o conftest -g -O2 -I/usr/local/opt/opencv@3/include  -D_DARWIN_C_SOURCE -L/usr/local/opt/opencv@3/lib conftest.c -ltermcap -lcurses  >&5
configure:18866: $? = 0
configure:18869: test -s conftest
configure:18872: $? = 0
configure:18891: checking for /dev/tty
configure:18898: result: yes
configure:18915: checking for crypt function
configure:18935: gcc -o conftest -g -O2 -I/usr/local/opt/opencv@3/include  -D_DARWIN_C_SOURCE -L/usr/local/opt/opencv@3/lib conftest.c -ltermcap -lcurses   >&5
configure:18928:1: error: implicit declaration of function 'crypt' is invalid in C99 [-Werror,-Wimplicit-function-declaration]
crypt()
^
1 error generated.
configure:18938: $? = 1
configure: failed program was:
#line 18923 "configure"
#include "confdefs.h"

int
main ()
{
crypt()
  ;
  return 0;
}
configure:18967: gcc -o conftest -g -O2 -I/usr/local/opt/opencv@3/include  -D_DARWIN_C_SOURCE -L/usr/local/opt/opencv@3/lib conftest.c -lcrypt -ltermcap -lcurses   >&5
configure:18960:1: error: implicit declaration of function 'crypt' is invalid in C99 [-Werror,-Wimplicit-function-declaration]
crypt()
^
1 error generated.
configure:18970: $? = 1
configure: failed program was:
#line 18955 "configure"
#include "confdefs.h"

int
main ()
{
crypt()
  ;
  return 0;
}
configure:18993: result: no
configure:19063: checking for X11/Xpoll.h
configure:19073: gcc -E -I/usr/local/opt/opencv@3/include  -D_DARWIN_C_SOURCE conftest.c
configure:19079: $? = 0
configure:19098: result: yes
configure:19108: checking for declaration of fd_set
configure:19114: testing sys/types alone ...
configure:19130: gcc -c -g -O2 -I/usr/local/opt/opencv@3/include  -D_DARWIN_C_SOURCE conftest.c >&5
configure:19133: $? = 0
configure:19136: test -s conftest.o
configure:19139: $? = 0
configure:19220: result: sys/types.h
configure:19229: checking for fd_set macros
configure:19265: gcc -c -g -O2 -I/usr/local/opt/opencv@3/include  -D_DARWIN_C_SOURCE conftest.c >&5
configure:19268: $? = 0
configure:19271: test -s conftest.o
configure:19274: $? = 0
configure:19284: result: yes
configure:19295: checking for getc_unlocked
configure:19332: gcc -o conftest -g -O2 -I/usr/local/opt/opencv@3/include  -D_DARWIN_C_SOURCE -L/usr/local/opt/opencv@3/lib conftest.c -ltermcap -lcurses   >&5
configure:19335: $? = 0
configure:19338: test -s conftest
configure:19341: $? = 0
configure:19351: result: yes
configure:19295: checking for putc_unlocked
configure:19332: gcc -o conftest -g -O2 -I/usr/local/opt/opencv@3/include  -D_DARWIN_C_SOURCE -L/usr/local/opt/opencv@3/lib conftest.c -ltermcap -lcurses   >&5
configure:19335: $? = 0
configure:19338: test -s conftest
configure:19341: $? = 0
configure:19351: result: yes
configure:19366: checking if we should define _REENTRANT
configure:19387: gcc -c -g -O2 -I/usr/local/opt/opencv@3/include  -D_DARWIN_C_SOURCE conftest.c >&5
configure:19379:36: error: too few arguments provided to function-like macro invocation
                extern void *putc_unlocked(void *);
                                                 ^
/Applications/Xcode.app/Contents/Developer/Platforms/MacOSX.platform/Developer/SDKs/MacOSX.sdk/usr/include/stdio.h:302:9: note: macro 'putc_unlocked' defined here
#define putc_unlocked(x, fp)    __sputc(x, fp)
        ^
configure:19379:16: error: redefinition of 'putc_unlocked' as different kind of symbol
                extern void *putc_unlocked(void *);
                             ^
/Applications/Xcode.app/Contents/Developer/Platforms/MacOSX.platform/Developer/SDKs/MacOSX.sdk/usr/include/stdio.h:284:6: note: previous definition is here
int      putc_unlocked(int, FILE *);
         ^
configure:19380:32: error: too few arguments provided to function-like macro invocation
                void *dummy = putc_unlocked(0)
                                             ^
/Applications/Xcode.app/Contents/Developer/Platforms/MacOSX.platform/Developer/SDKs/MacOSX.sdk/usr/include/stdio.h:302:9: note: macro 'putc_unlocked' defined here
#define putc_unlocked(x, fp)    __sputc(x, fp)
        ^
3 errors generated.
configure:19390: $? = 1
configure: failed program was:
#line 19373 "configure"
#include "confdefs.h"
#include <stdio.h>
int
main ()
{

		extern void *putc_unlocked(void *);
		void *dummy = putc_unlocked(0)
  ;
  return 0;
}
configure:19406: result: no
configure:19465: checking for _nc_freeall
configure:19502: gcc -o conftest -g -O2 -I/usr/local/opt/opencv@3/include  -D_DARWIN_C_SOURCE -L/usr/local/opt/opencv@3/lib conftest.c -ltermcap -lcurses   >&5
configure:19505: $? = 0
configure:19508: test -s conftest
configure:19511: $? = 0
configure:19521: result: yes
configure:19465: checking for access
configure:19502: gcc -o conftest -g -O2 -I/usr/local/opt/opencv@3/include  -D_DARWIN_C_SOURCE -L/usr/local/opt/opencv@3/lib conftest.c -ltermcap -lcurses   >&5
configure:19505: $? = 0
configure:19508: test -s conftest
configure:19511: $? = 0
configure:19521: result: yes
configure:19465: checking for alarm
configure:19502: gcc -o conftest -g -O2 -I/usr/local/opt/opencv@3/include  -D_DARWIN_C_SOURCE -L/usr/local/opt/opencv@3/lib conftest.c -ltermcap -lcurses   >&5
configure:19505: $? = 0
configure:19508: test -s conftest
configure:19511: $? = 0
configure:19521: result: yes
configure:19465: checking for crypt
configure:19502: gcc -o conftest -g -O2 -I/usr/local/opt/opencv@3/include  -D_DARWIN_C_SOURCE -L/usr/local/opt/opencv@3/lib conftest.c -ltermcap -lcurses   >&5
configure:19505: $? = 0
configure:19508: test -s conftest
configure:19511: $? = 0
configure:19521: result: yes
configure:19465: checking for getcwd
configure:19502: gcc -o conftest -g -O2 -I/usr/local/opt/opencv@3/include  -D_DARWIN_C_SOURCE -L/usr/local/opt/opencv@3/lib conftest.c -ltermcap -lcurses   >&5
configure:19505: $? = 0
configure:19508: test -s conftest
configure:19511: $? = 0
configure:19521: result: yes
configure:19465: checking for getegid
configure:19502: gcc -o conftest -g -O2 -I/usr/local/opt/opencv@3/include  -D_DARWIN_C_SOURCE -L/usr/local/opt/opencv@3/lib conftest.c -ltermcap -lcurses   >&5
configure:19505: $? = 0
configure:19508: test -s conftest
configure:19511: $? = 0
configure:19521: result: yes
configure:19465: checking for geteuid
configure:19502: gcc -o conftest -g -O2 -I/usr/local/opt/opencv@3/include  -D_DARWIN_C_SOURCE -L/usr/local/opt/opencv@3/lib conftest.c -ltermcap -lcurses   >&5
configure:19505: $? = 0
configure:19508: test -s conftest
configure:19511: $? = 0
configure:19521: result: yes
configure:19465: checking for gethostname
configure:19502: gcc -o conftest -g -O2 -I/usr/local/opt/opencv@3/include  -D_DARWIN_C_SOURCE -L/usr/local/opt/opencv@3/lib conftest.c -ltermcap -lcurses   >&5
configure:19505: $? = 0
configure:19508: test -s conftest
configure:19511: $? = 0
configure:19521: result: yes
configure:19465: checking for getpass
configure:19502: gcc -o conftest -g -O2 -I/usr/local/opt/opencv@3/include  -D_DARWIN_C_SOURCE -L/usr/local/opt/opencv@3/lib conftest.c -ltermcap -lcurses   >&5
configure:19505: $? = 0
configure:19508: test -s conftest
configure:19511: $? = 0
configure:19521: result: yes
configure:19465: checking for gettimeofday
configure:19502: gcc -o conftest -g -O2 -I/usr/local/opt/opencv@3/include  -D_DARWIN_C_SOURCE -L/usr/local/opt/opencv@3/lib conftest.c -ltermcap -lcurses   >&5
configure:19505: $? = 0
configure:19508: test -s conftest
configure:19511: $? = 0
configure:19521: result: yes
configure:19465: checking for getwd
configure:19502: gcc -o conftest -g -O2 -I/usr/local/opt/opencv@3/include  -D_DARWIN_C_SOURCE -L/usr/local/opt/opencv@3/lib conftest.c -ltermcap -lcurses   >&5
configure:19505: $? = 0
configure:19508: test -s conftest
configure:19511: $? = 0
configure:19521: result: yes
configure:19465: checking for isblank
configure:19502: gcc -o conftest -g -O2 -I/usr/local/opt/opencv@3/include  -D_DARWIN_C_SOURCE -L/usr/local/opt/opencv@3/lib conftest.c -ltermcap -lcurses   >&5
configure:19481:6: warning: incompatible redeclaration of library function 'isblank' [-Wincompatible-library-redeclaration]
char isblank ();
     ^
configure:19481:6: note: 'isblank' is a builtin with type 'int (int)'
1 warning generated.
configure:19505: $? = 0
configure:19508: test -s conftest
configure:19511: $? = 0
configure:19521: result: yes
configure:19465: checking for iswblank
configure:19502: gcc -o conftest -g -O2 -I/usr/local/opt/opencv@3/include  -D_DARWIN_C_SOURCE -L/usr/local/opt/opencv@3/lib conftest.c -ltermcap -lcurses   >&5
configure:19505: $? = 0
configure:19508: test -s conftest
configure:19511: $? = 0
configure:19521: result: yes
configure:19465: checking for killpg
configure:19502: gcc -o conftest -g -O2 -I/usr/local/opt/opencv@3/include  -D_DARWIN_C_SOURCE -L/usr/local/opt/opencv@3/lib conftest.c -ltermcap -lcurses   >&5
configure:19505: $? = 0
configure:19508: test -s conftest
configure:19511: $? = 0
configure:19521: result: yes
configure:19465: checking for mkdir
configure:19502: gcc -o conftest -g -O2 -I/usr/local/opt/opencv@3/include  -D_DARWIN_C_SOURCE -L/usr/local/opt/opencv@3/lib conftest.c -ltermcap -lcurses   >&5
configure:19505: $? = 0
configure:19508: test -s conftest
configure:19511: $? = 0
configure:19521: result: yes
configure:19465: checking for mkdtemp
configure:19502: gcc -o conftest -g -O2 -I/usr/local/opt/opencv@3/include  -D_DARWIN_C_SOURCE -L/usr/local/opt/opencv@3/lib conftest.c -ltermcap -lcurses   >&5
configure:19505: $? = 0
configure:19508: test -s conftest
configure:19511: $? = 0
configure:19521: result: yes
configure:19465: checking for poll
configure:19502: gcc -o conftest -g -O2 -I/usr/local/opt/opencv@3/include  -D_DARWIN_C_SOURCE -L/usr/local/opt/opencv@3/lib conftest.c -ltermcap -lcurses   >&5
configure:19505: $? = 0
configure:19508: test -s conftest
configure:19511: $? = 0
configure:19521: result: yes
configure:19465: checking for popen
configure:19502: gcc -o conftest -g -O2 -I/usr/local/opt/opencv@3/include  -D_DARWIN_C_SOURCE -L/usr/local/opt/opencv@3/lib conftest.c -ltermcap -lcurses   >&5
configure:19505: $? = 0
configure:19508: test -s conftest
configure:19511: $? = 0
configure:19521: result: yes
configure:19465: checking for putenv
configure:19502: gcc -o conftest -g -O2 -I/usr/local/opt/opencv@3/include  -D_DARWIN_C_SOURCE -L/usr/local/opt/opencv@3/lib conftest.c -ltermcap -lcurses   >&5
configure:19505: $? = 0
configure:19508: test -s conftest
configure:19511: $? = 0
configure:19521: result: yes
configure:19465: checking for realpath
configure:19502: gcc -o conftest -g -O2 -I/usr/local/opt/opencv@3/include  -D_DARWIN_C_SOURCE -L/usr/local/opt/opencv@3/lib conftest.c -ltermcap -lcurses   >&5
configure:19505: $? = 0
configure:19508: test -s conftest
configure:19511: $? = 0
configure:19521: result: yes
configure:19465: checking for select
configure:19502: gcc -o conftest -g -O2 -I/usr/local/opt/opencv@3/include  -D_DARWIN_C_SOURCE -L/usr/local/opt/opencv@3/lib conftest.c -ltermcap -lcurses   >&5
configure:19505: $? = 0
configure:19508: test -s conftest
configure:19511: $? = 0
configure:19521: result: yes
configure:19465: checking for setbuffer
configure:19502: gcc -o conftest -g -O2 -I/usr/local/opt/opencv@3/include  -D_DARWIN_C_SOURCE -L/usr/local/opt/opencv@3/lib conftest.c -ltermcap -lcurses   >&5
configure:19505: $? = 0
configure:19508: test -s conftest
configure:19511: $? = 0
configure:19521: result: yes
configure:19465: checking for setgid
configure:19502: gcc -o conftest -g -O2 -I/usr/local/opt/opencv@3/include  -D_DARWIN_C_SOURCE -L/usr/local/opt/opencv@3/lib conftest.c -ltermcap -lcurses   >&5
configure:19505: $? = 0
configure:19508: test -s conftest
configure:19511: $? = 0
configure:19521: result: yes
configure:19465: checking for setitimer
configure:19502: gcc -o conftest -g -O2 -I/usr/local/opt/opencv@3/include  -D_DARWIN_C_SOURCE -L/usr/local/opt/opencv@3/lib conftest.c -ltermcap -lcurses   >&5
configure:19505: $? = 0
configure:19508: test -s conftest
configure:19511: $? = 0
configure:19521: result: yes
configure:19465: checking for setsid
configure:19502: gcc -o conftest -g -O2 -I/usr/local/opt/opencv@3/include  -D_DARWIN_C_SOURCE -L/usr/local/opt/opencv@3/lib conftest.c -ltermcap -lcurses   >&5
configure:19505: $? = 0
configure:19508: test -s conftest
configure:19511: $? = 0
configure:19521: result: yes
configure:19465: checking for setuid
configure:19502: gcc -o conftest -g -O2 -I/usr/local/opt/opencv@3/include  -D_DARWIN_C_SOURCE -L/usr/local/opt/opencv@3/lib conftest.c -ltermcap -lcurses   >&5
configure:19505: $? = 0
configure:19508: test -s conftest
configure:19511: $? = 0
configure:19521: result: yes
configure:19465: checking for setvbuf
configure:19502: gcc -o conftest -g -O2 -I/usr/local/opt/opencv@3/include  -D_DARWIN_C_SOURCE -L/usr/local/opt/opencv@3/lib conftest.c -ltermcap -lcurses   >&5
configure:19505: $? = 0
configure:19508: test -s conftest
configure:19511: $? = 0
configure:19521: result: yes
configure:19465: checking for sigaction
configure:19502: gcc -o conftest -g -O2 -I/usr/local/opt/opencv@3/include  -D_DARWIN_C_SOURCE -L/usr/local/opt/opencv@3/lib conftest.c -ltermcap -lcurses   >&5
configure:19505: $? = 0
configure:19508: test -s conftest
configure:19511: $? = 0
configure:19521: result: yes
configure:19465: checking for sigprocmask
configure:19502: gcc -o conftest -g -O2 -I/usr/local/opt/opencv@3/include  -D_DARWIN_C_SOURCE -L/usr/local/opt/opencv@3/lib conftest.c -ltermcap -lcurses   >&5
configure:19505: $? = 0
configure:19508: test -s conftest
configure:19511: $? = 0
configure:19521: result: yes
configure:19465: checking for strchr
configure:19502: gcc -o conftest -g -O2 -I/usr/local/opt/opencv@3/include  -D_DARWIN_C_SOURCE -L/usr/local/opt/opencv@3/lib conftest.c -ltermcap -lcurses   >&5
configure:19481:6: warning: incompatible redeclaration of library function 'strchr' [-Wincompatible-library-redeclaration]
char strchr ();
     ^
configure:19481:6: note: 'strchr' is a builtin with type 'char *(const char *, int)'
1 warning generated.
configure:19505: $? = 0
configure:19508: test -s conftest
configure:19511: $? = 0
configure:19521: result: yes
configure:19465: checking for strerror
configure:19502: gcc -o conftest -g -O2 -I/usr/local/opt/opencv@3/include  -D_DARWIN_C_SOURCE -L/usr/local/opt/opencv@3/lib conftest.c -ltermcap -lcurses   >&5
configure:19481:6: warning: incompatible redeclaration of library function 'strerror' [-Wincompatible-library-redeclaration]
char strerror ();
     ^
configure:19481:6: note: 'strerror' is a builtin with type 'char *(int)'
1 warning generated.
configure:19505: $? = 0
configure:19508: test -s conftest
configure:19511: $? = 0
configure:19521: result: yes
configure:19465: checking for strftime
configure:19502: gcc -o conftest -g -O2 -I/usr/local/opt/opencv@3/include  -D_DARWIN_C_SOURCE -L/usr/local/opt/opencv@3/lib conftest.c -ltermcap -lcurses   >&5
configure:19505: $? = 0
configure:19508: test -s conftest
configure:19511: $? = 0
configure:19521: result: yes
configure:19465: checking for strrchr
configure:19502: gcc -o conftest -g -O2 -I/usr/local/opt/opencv@3/include  -D_DARWIN_C_SOURCE -L/usr/local/opt/opencv@3/lib conftest.c -ltermcap -lcurses   >&5
configure:19481:6: warning: incompatible redeclaration of library function 'strrchr' [-Wincompatible-library-redeclaration]
char strrchr ();
     ^
configure:19481:6: note: 'strrchr' is a builtin with type 'char *(const char *, int)'
1 warning generated.
configure:19505: $? = 0
configure:19508: test -s conftest
configure:19511: $? = 0
configure:19521: result: yes
configure:19465: checking for strtoul
configure:19502: gcc -o conftest -g -O2 -I/usr/local/opt/opencv@3/include  -D_DARWIN_C_SOURCE -L/usr/local/opt/opencv@3/lib conftest.c -ltermcap -lcurses   >&5
configure:19481:6: warning: incompatible redeclaration of library function 'strtoul' [-Wincompatible-library-redeclaration]
char strtoul ();
     ^
configure:19481:6: note: 'strtoul' is a builtin with type 'unsigned long (const char *, char **, int)'
1 warning generated.
configure:19505: $? = 0
configure:19508: test -s conftest
configure:19511: $? = 0
configure:19521: result: yes
configure:19465: checking for symlink
configure:19502: gcc -o conftest -g -O2 -I/usr/local/opt/opencv@3/include  -D_DARWIN_C_SOURCE -L/usr/local/opt/opencv@3/lib conftest.c -ltermcap -lcurses   >&5
configure:19505: $? = 0
configure:19508: test -s conftest
configure:19511: $? = 0
configure:19521: result: yes
configure:19465: checking for tcgetattr
configure:19502: gcc -o conftest -g -O2 -I/usr/local/opt/opencv@3/include  -D_DARWIN_C_SOURCE -L/usr/local/opt/opencv@3/lib conftest.c -ltermcap -lcurses   >&5
configure:19505: $? = 0
configure:19508: test -s conftest
configure:19511: $? = 0
configure:19521: result: yes
configure:19465: checking for tdestroy
configure:19502: gcc -o conftest -g -O2 -I/usr/local/opt/opencv@3/include  -D_DARWIN_C_SOURCE -L/usr/local/opt/opencv@3/lib conftest.c -ltermcap -lcurses   >&5
Undefined symbols for architecture x86_64:
  "_tdestroy", referenced from:
      _main in conftest-b6222c.o
ld: symbol(s) not found for architecture x86_64
clang: error: linker command failed with exit code 1 (use -v to see invocation)
configure:19505: $? = 1
configure: failed program was:
#line 19471 "configure"
#include "confdefs.h"
/* System header to define __stub macros and hopefully few prototypes,
    which can conflict with char tdestroy (); below.  */
#include <assert.h>
/* Override any gcc2 internal prototype to avoid an error.  */
#ifdef __cplusplus
extern "C"
#endif
/* We use char because int might match the return type of a gcc2
   builtin and then its argument prototype would still apply.  */
char tdestroy ();
char (*f) ();

int
main ()
{
/* The GNU C library defines this for functions which it implements
    to always fail with ENOSYS.  Some functions are actually named
    something starting with __ and the normal name is an alias.  */
#if defined (__stub_tdestroy) || defined (__stub___tdestroy)
choke me
#else
f = tdestroy;
#endif

  ;
  return 0;
}
configure:19521: result: no
configure:19465: checking for tsearch
configure:19502: gcc -o conftest -g -O2 -I/usr/local/opt/opencv@3/include  -D_DARWIN_C_SOURCE -L/usr/local/opt/opencv@3/lib conftest.c -ltermcap -lcurses   >&5
configure:19505: $? = 0
configure:19508: test -s conftest
configure:19511: $? = 0
configure:19521: result: yes
configure:19465: checking for ttyname
configure:19502: gcc -o conftest -g -O2 -I/usr/local/opt/opencv@3/include  -D_DARWIN_C_SOURCE -L/usr/local/opt/opencv@3/lib conftest.c -ltermcap -lcurses   >&5
configure:19505: $? = 0
configure:19508: test -s conftest
configure:19511: $? = 0
configure:19521: result: yes
configure:19465: checking for umask
configure:19502: gcc -o conftest -g -O2 -I/usr/local/opt/opencv@3/include  -D_DARWIN_C_SOURCE -L/usr/local/opt/opencv@3/lib conftest.c -ltermcap -lcurses   >&5
configure:19505: $? = 0
configure:19508: test -s conftest
configure:19511: $? = 0
configure:19521: result: yes
configure:19465: checking for utime
configure:19502: gcc -o conftest -g -O2 -I/usr/local/opt/opencv@3/include  -D_DARWIN_C_SOURCE -L/usr/local/opt/opencv@3/lib conftest.c -ltermcap -lcurses   >&5
configure:19505: $? = 0
configure:19508: test -s conftest
configure:19511: $? = 0
configure:19521: result: yes
configure:19465: checking for utimes
configure:19502: gcc -o conftest -g -O2 -I/usr/local/opt/opencv@3/include  -D_DARWIN_C_SOURCE -L/usr/local/opt/opencv@3/lib conftest.c -ltermcap -lcurses   >&5
configure:19505: $? = 0
configure:19508: test -s conftest
configure:19511: $? = 0
configure:19521: result: yes
configure:19465: checking for waitpid
configure:19502: gcc -o conftest -g -O2 -I/usr/local/opt/opencv@3/include  -D_DARWIN_C_SOURCE -L/usr/local/opt/opencv@3/lib conftest.c -ltermcap -lcurses   >&5
configure:19505: $? = 0
configure:19508: test -s conftest
configure:19511: $? = 0
configure:19521: result: yes
configure:19465: checking for tgetint
configure:19502: gcc -o conftest -g -O2 -I/usr/local/opt/opencv@3/include  -D_DARWIN_C_SOURCE -L/usr/local/opt/opencv@3/lib conftest.c -ltermcap -lcurses   >&5
Undefined symbols for architecture x86_64:
  "_tgetint", referenced from:
      _main in conftest-9728cd.o
ld: symbol(s) not found for architecture x86_64
clang: error: linker command failed with exit code 1 (use -v to see invocation)
configure:19505: $? = 1
configure: failed program was:
#line 19471 "configure"
#include "confdefs.h"
/* System header to define __stub macros and hopefully few prototypes,
    which can conflict with char tgetint (); below.  */
#include <assert.h>
/* Override any gcc2 internal prototype to avoid an error.  */
#ifdef __cplusplus
extern "C"
#endif
/* We use char because int might match the return type of a gcc2
   builtin and then its argument prototype would still apply.  */
char tgetint ();
char (*f) ();

int
main ()
{
/* The GNU C library defines this for functions which it implements
    to always fail with ENOSYS.  Some functions are actually named
    something starting with __ and the normal name is an alias.  */
#if defined (__stub_tgetint) || defined (__stub___tgetint)
choke me
#else
f = tgetint;
#endif

  ;
  return 0;
}
configure:19521: result: no
configure:19465: checking for tgetnum
configure:19502: gcc -o conftest -g -O2 -I/usr/local/opt/opencv@3/include  -D_DARWIN_C_SOURCE -L/usr/local/opt/opencv@3/lib conftest.c -ltermcap -lcurses   >&5
configure:19505: $? = 0
configure:19508: test -s conftest
configure:19511: $? = 0
configure:19521: result: yes
configure:19465: checking for tparam
configure:19502: gcc -o conftest -g -O2 -I/usr/local/opt/opencv@3/include  -D_DARWIN_C_SOURCE -L/usr/local/opt/opencv@3/lib conftest.c -ltermcap -lcurses   >&5
Undefined symbols for architecture x86_64:
  "_tparam", referenced from:
      _main in conftest-cdb83f.o
ld: symbol(s) not found for architecture x86_64
clang: error: linker command failed with exit code 1 (use -v to see invocation)
configure:19505: $? = 1
configure: failed program was:
#line 19471 "configure"
#include "confdefs.h"
/* System header to define __stub macros and hopefully few prototypes,
    which can conflict with char tparam (); below.  */
#include <assert.h>
/* Override any gcc2 internal prototype to avoid an error.  */
#ifdef __cplusplus
extern "C"
#endif
/* We use char because int might match the return type of a gcc2
   builtin and then its argument prototype would still apply.  */
char tparam ();
char (*f) ();

int
main ()
{
/* The GNU C library defines this for functions which it implements
    to always fail with ENOSYS.  Some functions are actually named
    something starting with __ and the normal name is an alias.  */
#if defined (__stub_tparam) || defined (__stub___tparam)
choke me
#else
f = tparam;
#endif

  ;
  return 0;
}
configure:19521: result: no
configure:19465: checking for tparm
configure:19502: gcc -o conftest -g -O2 -I/usr/local/opt/opencv@3/include  -D_DARWIN_C_SOURCE -L/usr/local/opt/opencv@3/lib conftest.c -ltermcap -lcurses   >&5
configure:19505: $? = 0
configure:19508: test -s conftest
configure:19511: $? = 0
configure:19521: result: yes
configure:19531: checking for working mkstemp
configure:19638: gcc -o conftest -g -O2 -I/usr/local/opt/opencv@3/include  -D_DARWIN_C_SOURCE -L/usr/local/opt/opencv@3/lib conftest.c -ltermcap -lcurses   >&5
configure:19626:4: error: implicit declaration of function 'close' is invalid in C99 [-Werror,-Wimplicit-function-declaration]
                        close(fd);
                        ^
1 error generated.
configure:19641: $? = 1
configure: program exited with status 1
configure: failed program was:
#line 19600 "configure"
#include "confdefs.h"

#include <sys/types.h>
#include <stdlib.h>
#include <stdio.h>
#include <string.h>
#include <sys/stat.h>
int main()
{
	char *tmpl = "conftestXXXXXX";
	char name[2][80];
	int n;
	int result = 0;
	int fd;
	struct stat sb;

	umask(077);
	for (n = 0; n < 2; ++n) {
		strcpy(name[n], tmpl);
		if ((fd = mkstemp(name[n])) >= 0) {
			if (!strcmp(name[n], tmpl)
			 || stat(name[n], &sb) != 0
			 || (sb.st_mode & S_IFMT) != S_IFREG
			 || (sb.st_mode & 077) != 0) {
				result = 1;
			}
			close(fd);
		}
	}
	if (result == 0
	 && !strcmp(name[0], name[1]))
		result = 1;
	return(result);
}

configure:19661: result: no
configure:19902: checking if you want to change the number of exec-macros
configure:19912: result: no
configure:19925: checking for special C compiler options needed for large files
configure:19999: result: no
configure:20005: checking for _FILE_OFFSET_BITS value needed for large files
configure:20033: gcc -c -g -O2 -I/usr/local/opt/opencv@3/include  -D_DARWIN_C_SOURCE conftest.c >&5
configure:20036: $? = 0
configure:20039: test -s conftest.o
configure:20042: $? = 0
configure:20092: result: no
configure:20102: checking for _LARGE_FILES value needed for large files
configure:20130: gcc -c -g -O2 -I/usr/local/opt/opencv@3/include  -D_DARWIN_C_SOURCE conftest.c >&5
configure:20133: $? = 0
configure:20136: test -s conftest.o
configure:20139: $? = 0
configure:20189: result: no
configure:20202: checking for _LARGEFILE_SOURCE value needed for large files
configure:20222: gcc -c -g -O2 -I/usr/local/opt/opencv@3/include  -D_DARWIN_C_SOURCE conftest.c >&5
configure:20215:9: warning: address of function 'fseeko' will always evaluate to 'true' [-Wpointer-bool-conversion]
return !fseeko;
       ~^~~~~~
configure:20215:9: note: prefix with the address-of operator to silence this warning
return !fseeko;
        ^
        &
1 warning generated.
configure:20225: $? = 0
configure:20228: test -s conftest.o
configure:20231: $? = 0
configure:20273: result: no
configure:20287: checking for fseeko
configure:20305: gcc -o conftest -g -O2 -I/usr/local/opt/opencv@3/include  -D_DARWIN_C_SOURCE -L/usr/local/opt/opencv@3/lib conftest.c -ltermcap -lcurses   >&5
configure:20298:8: warning: address of function 'fseeko' will always evaluate to 'true' [-Wpointer-bool-conversion]
return fseeko && fseeko (stdin, 0, 0);
       ^~~~~~ ~~
configure:20298:8: note: prefix with the address-of operator to silence this warning
return fseeko && fseeko (stdin, 0, 0);
       ^
       &
1 warning generated.
configure:20308: $? = 0
configure:20311: test -s conftest
configure:20314: $? = 0
configure:20324: result: yes
configure:20345: checking whether to use struct dirent64
configure:20373: gcc -c -g -O2 -I/usr/local/opt/opencv@3/include  -D_DARWIN_C_SOURCE conftest.c >&5
configure:20362:28: error: conflicting types for 'readdir'
                extern struct dirent64 * readdir(DIR *);
                                         ^
/Applications/Xcode.app/Contents/Developer/Platforms/MacOSX.platform/Developer/SDKs/MacOSX.sdk/usr/include/dirent.h:109:16: note: previous declaration is here
struct dirent *readdir(DIR *) __DARWIN_INODE64(readdir);
               ^
configure:20365:13: error: 'struct dirent64 *' and 'struct dirent *' are not pointers to compatible types
                int z = x - y;
                        ~ ^ ~
2 errors generated.
configure:20376: $? = 1
configure: failed program was:
#line 20352 "configure"
#include "confdefs.h"

#include <sys/types.h>
#include <dirent.h>

int
main ()
{

		/* if transitional largefile support is setup, this is true */
		extern struct dirent64 * readdir(DIR *);
		struct dirent64 *x = readdir((DIR *)0);
		struct dirent *y = readdir((DIR *)0);
		int z = x - y;

  ;
  return 0;
}
configure:20393: result: no
configure:20404: checking for setlocale()
configure:20423: gcc -o conftest -g -O2 -I/usr/local/opt/opencv@3/include  -D_DARWIN_C_SOURCE -L/usr/local/opt/opencv@3/lib conftest.c -ltermcap -lcurses   >&5
configure:20426: $? = 0
configure:20429: test -s conftest
configure:20432: $? = 0
configure:20444: result: yes
configure:20452: checking if you want to use i18n locale support
configure:20462: result: yes
configure:20470: checking if you want to use iconv() for locale support
configure:20480: result: yes
configure:20729: checking for iconv
configure:20740: testing Starting FIND_LINKAGE(iconv,) ...
configure:20764: gcc -o conftest -g -O2 -I/usr/local/opt/opencv@3/include  -D_DARWIN_C_SOURCE -L/usr/local/opt/opencv@3/lib conftest.c -ltermcap -lcurses   >&5
Undefined symbols for architecture x86_64:
  "_iconv", referenced from:
      _main in conftest-7e9772.o
  "_iconv_close", referenced from:
      _main in conftest-7e9772.o
  "_iconv_open", referenced from:
      _main in conftest-7e9772.o
ld: symbol(s) not found for architecture x86_64
clang: error: linker command failed with exit code 1 (use -v to see invocation)
configure:20767: $? = 1
configure: failed program was:
#line 20745 "configure"
#include "confdefs.h"

#include <stdlib.h>
#include <iconv.h>

int
main ()
{

	iconv_t cd = iconv_open("","");
	iconv(cd,NULL,NULL,NULL,NULL);
	iconv_close(cd);

  ;
  return 0;
}
configure:20806: gcc -o conftest -g -O2 -I/usr/local/opt/opencv@3/include  -D_DARWIN_C_SOURCE -L/usr/local/opt/opencv@3/lib conftest.c -liconv  -ltermcap -lcurses   >&5
configure:20809: $? = 0
configure:20812: test -s conftest
configure:20815: $? = 0
configure:21178: result: yes
configure:21187: checking if the declaration of iconv() needs const.
configure:21219: gcc -c -g -O2 -I/usr/local/opt/opencv@3/include  -D_DARWIN_C_SOURCE conftest.c >&5
configure:21222: $? = 0
configure:21225: test -s conftest.o
configure:21228: $? = 0
configure:21238: result: no
configure:21382: checking if you want to use dmalloc for testing
configure:21398: result: no
configure:21593: checking if you want to use dbmalloc for testing
configure:21609: result: no
configure:21804: checking if you want to use purify for testing
configure:21820: result: no
configure:21913: checking if you want to use valgrind for testing
configure:21929: result: no
configure:22022: checking if you want to perform memory-leak testing
configure:22044: result: 
configure:22073: checking version of gcc
configure:22077: result: 13.0.0
configure:22083: checking if you want to check for gcc warnings
configure:22093: result: no
configure:22385: checking for missing "environ" extern
configure:22416: gcc -o conftest -g -O2 -I/usr/local/opt/opencv@3/include  -D_DARWIN_C_SOURCE -I. -I. -Dscrn_chosen -L/usr/local/opt/opencv@3/lib conftest.c -ltermcap -lcurses   >&5
configure:22419: $? = 0
configure:22422: test -s conftest
configure:22425: $? = 0
configure:22439: result: yes
configure:22385: checking for missing "getenv" extern
configure:22416: gcc -o conftest -g -O2 -I/usr/local/opt/opencv@3/include  -D_DARWIN_C_SOURCE -I. -I. -Dscrn_chosen -L/usr/local/opt/opencv@3/lib conftest.c -ltermcap -lcurses   >&5
configure:22403:22: error: conflicting types for 'getenv'
extern struct zowie *getenv();
                     ^
/Applications/Xcode.app/Contents/Developer/Platforms/MacOSX.platform/Developer/SDKs/MacOSX.sdk/usr/include/stdlib.h:147:7: note: previous declaration is here
char    *getenv(const char *);
         ^
1 error generated.
configure:22419: $? = 1
configure: failed program was:
#line 22394 "configure"
#include "confdefs.h"


#define CHECK_PROTOTYPES 1
#include <estruct.h>


#undef getenv
struct zowie { int a; double b; struct zowie *c; char d; };
extern struct zowie *getenv();

int
main ()
{

#ifdef HAVE_LIBXT		/* needed for SunOS 4.0.3 or 4.1 */
XtToolkitInitialize();
#endif

  ;
  return 0;
}
configure:22439: result: no
configure:22385: checking for missing "getpass" extern
configure:22416: gcc -o conftest -g -O2 -I/usr/local/opt/opencv@3/include  -D_DARWIN_C_SOURCE -I. -I. -Dscrn_chosen -L/usr/local/opt/opencv@3/lib conftest.c -ltermcap -lcurses   >&5
configure:22403:22: error: conflicting types for 'getpass'
extern struct zowie *getpass();
                     ^
/Applications/Xcode.app/Contents/Developer/Platforms/MacOSX.platform/Developer/SDKs/MacOSX.sdk/usr/include/unistd.h:559:7: note: previous declaration is here
char    *getpass(const char *) __POSIX_C_DEPRECATED(199506L);
         ^
1 error generated.
configure:22419: $? = 1
configure: failed program was:
#line 22394 "configure"
#include "confdefs.h"


#define CHECK_PROTOTYPES 1
#include <estruct.h>


#undef getpass
struct zowie { int a; double b; struct zowie *c; char d; };
extern struct zowie *getpass();

int
main ()
{

#ifdef HAVE_LIBXT		/* needed for SunOS 4.0.3 or 4.1 */
XtToolkitInitialize();
#endif

  ;
  return 0;
}
configure:22439: result: no
configure:22385: checking for missing "getwd" extern
configure:22416: gcc -o conftest -g -O2 -I/usr/local/opt/opencv@3/include  -D_DARWIN_C_SOURCE -I. -I. -Dscrn_chosen -L/usr/local/opt/opencv@3/lib conftest.c -ltermcap -lcurses   >&5
configure:22403:22: error: conflicting types for 'getwd'
extern struct zowie *getwd();
                     ^
/Applications/Xcode.app/Contents/Developer/Platforms/MacOSX.platform/Developer/SDKs/MacOSX.sdk/usr/include/unistd.h:564:7: note: previous declaration is here
char    *getwd(char *) __POSIX_C_DEPRECATED(200112L); /* obsoleted by getcwd() */
         ^
1 error generated.
configure:22419: $? = 1
configure: failed program was:
#line 22394 "configure"
#include "confdefs.h"


#define CHECK_PROTOTYPES 1
#include <estruct.h>


#undef getwd
struct zowie { int a; double b; struct zowie *c; char d; };
extern struct zowie *getwd();

int
main ()
{

#ifdef HAVE_LIBXT		/* needed for SunOS 4.0.3 or 4.1 */
XtToolkitInitialize();
#endif

  ;
  return 0;
}
configure:22439: result: no
configure:22385: checking for missing "malloc" extern
configure:22416: gcc -o conftest -g -O2 -I/usr/local/opt/opencv@3/include  -D_DARWIN_C_SOURCE -I. -I. -Dscrn_chosen -L/usr/local/opt/opencv@3/lib conftest.c -ltermcap -lcurses   >&5
configure:22403:22: error: conflicting types for 'malloc'
extern struct zowie *malloc();
                     ^
/Applications/Xcode.app/Contents/Developer/Platforms/MacOSX.platform/Developer/SDKs/MacOSX.sdk/usr/include/malloc/_malloc.h:40:7: note: previous declaration is here
void    *malloc(size_t __size) __result_use_check __alloc_size(1);
         ^
1 error generated.
configure:22419: $? = 1
configure: failed program was:
#line 22394 "configure"
#include "confdefs.h"


#define CHECK_PROTOTYPES 1
#include <estruct.h>


#undef malloc
struct zowie { int a; double b; struct zowie *c; char d; };
extern struct zowie *malloc();

int
main ()
{

#ifdef HAVE_LIBXT		/* needed for SunOS 4.0.3 or 4.1 */
XtToolkitInitialize();
#endif

  ;
  return 0;
}
configure:22439: result: no
configure:22385: checking for missing "realloc" extern
configure:22416: gcc -o conftest -g -O2 -I/usr/local/opt/opencv@3/include  -D_DARWIN_C_SOURCE -I. -I. -Dscrn_chosen -L/usr/local/opt/opencv@3/lib conftest.c -ltermcap -lcurses   >&5
configure:22403:22: error: conflicting types for 'realloc'
extern struct zowie *realloc();
                     ^
/Applications/Xcode.app/Contents/Developer/Platforms/MacOSX.platform/Developer/SDKs/MacOSX.sdk/usr/include/malloc/_malloc.h:43:7: note: previous declaration is here
void    *realloc(void *__ptr, size_t __size) __result_use_check __alloc_size(2);
         ^
1 error generated.
configure:22419: $? = 1
configure: failed program was:
#line 22394 "configure"
#include "confdefs.h"


#define CHECK_PROTOTYPES 1
#include <estruct.h>


#undef realloc
struct zowie { int a; double b; struct zowie *c; char d; };
extern struct zowie *realloc();

int
main ()
{

#ifdef HAVE_LIBXT		/* needed for SunOS 4.0.3 or 4.1 */
XtToolkitInitialize();
#endif

  ;
  return 0;
}
configure:22439: result: no
configure:22385: checking for missing "rindex" extern
configure:22416: gcc -o conftest -g -O2 -I/usr/local/opt/opencv@3/include  -D_DARWIN_C_SOURCE -I. -I. -Dscrn_chosen -L/usr/local/opt/opencv@3/lib conftest.c -ltermcap -lcurses   >&5
configure:22403:22: error: conflicting types for 'rindex'
extern struct zowie *rindex();
                     ^
/Applications/Xcode.app/Contents/Developer/Platforms/MacOSX.platform/Developer/SDKs/MacOSX.sdk/usr/include/strings.h:74:7: note: previous declaration is here
char    *rindex(const char *, int) __POSIX_C_DEPRECATED(200112L);
         ^
1 error generated.
configure:22419: $? = 1
configure: failed program was:
#line 22394 "configure"
#include "confdefs.h"


#define CHECK_PROTOTYPES 1
#include <estruct.h>


#undef rindex
struct zowie { int a; double b; struct zowie *c; char d; };
extern struct zowie *rindex();

int
main ()
{

#ifdef HAVE_LIBXT		/* needed for SunOS 4.0.3 or 4.1 */
XtToolkitInitialize();
#endif

  ;
  return 0;
}
configure:22439: result: no
configure:22385: checking for missing "strerror" extern
configure:22416: gcc -o conftest -g -O2 -I/usr/local/opt/opencv@3/include  -D_DARWIN_C_SOURCE -I. -I. -Dscrn_chosen -L/usr/local/opt/opencv@3/lib conftest.c -ltermcap -lcurses   >&5
configure:22403:22: error: conflicting types for 'strerror'
extern struct zowie *strerror();
                     ^
/Applications/Xcode.app/Contents/Developer/Platforms/MacOSX.platform/Developer/SDKs/MacOSX.sdk/usr/include/string.h:81:7: note: previous declaration is here
char    *strerror(int __errnum) __DARWIN_ALIAS(strerror);
         ^
1 error generated.
configure:22419: $? = 1
configure: failed program was:
#line 22394 "configure"
#include "confdefs.h"


#define CHECK_PROTOTYPES 1
#include <estruct.h>


#undef strerror
struct zowie { int a; double b; struct zowie *c; char d; };
extern struct zowie *strerror();

int
main ()
{

#ifdef HAVE_LIBXT		/* needed for SunOS 4.0.3 or 4.1 */
XtToolkitInitialize();
#endif

  ;
  return 0;
}
configure:22439: result: no
configure:22385: checking for missing "strtol" extern
configure:22416: gcc -o conftest -g -O2 -I/usr/local/opt/opencv@3/include  -D_DARWIN_C_SOURCE -I. -I. -Dscrn_chosen -L/usr/local/opt/opencv@3/lib conftest.c -ltermcap -lcurses   >&5
configure:22403:22: error: conflicting types for 'strtol'
extern struct zowie *strtol();
                     ^
/Applications/Xcode.app/Contents/Developer/Platforms/MacOSX.platform/Developer/SDKs/MacOSX.sdk/usr/include/stdlib.h:167:7: note: previous declaration is here
long     strtol(const char *__str, char **__endptr, int __base);
         ^
1 error generated.
configure:22419: $? = 1
configure: failed program was:
#line 22394 "configure"
#include "confdefs.h"


#define CHECK_PROTOTYPES 1
#include <estruct.h>


#undef strtol
struct zowie { int a; double b; struct zowie *c; char d; };
extern struct zowie *strtol();

int
main ()
{

#ifdef HAVE_LIBXT		/* needed for SunOS 4.0.3 or 4.1 */
XtToolkitInitialize();
#endif

  ;
  return 0;
}
configure:22439: result: no
configure:22447: checking for term.h
configure:22474: gcc -c -g -O2 -I/usr/local/opt/opencv@3/include  -D_DARWIN_C_SOURCE conftest.c >&5
configure:22463:10: fatal error: 'curses.hterm.h' file not found
#include <curses.hterm.h>
         ^~~~~~~~~~~~~~~~
1 error generated.
configure:22477: $? = 1
configure: failed program was:
#line 22460 "configure"
#include "confdefs.h"

#include <curses.h>
#include <curses.hterm.h>
int
main ()
{
WINDOW *x
  ;
  return 0;
}
configure:22474: gcc -c -g -O2 -I/usr/local/opt/opencv@3/include  -D_DARWIN_C_SOURCE conftest.c >&5
configure:22477: $? = 0
configure:22480: test -s conftest.o
configure:22483: $? = 0
configure:22544: result: term.h
configure:22574: checking if we should include curses.h or termcap.h
configure:22606: gcc -o conftest -g -O2 -I/usr/local/opt/opencv@3/include  -D_DARWIN_C_SOURCE -I. -I. -Dscrn_chosen -L/usr/local/opt/opencv@3/lib conftest.c -ltermcap -lcurses   >&5
configure:22604:27: error: too few arguments to function call, expected 3, have 1
char *x = (char *)tgoto("")
                  ~~~~~   ^
/Applications/Xcode.app/Contents/Developer/Platforms/MacOSX.platform/Developer/SDKs/MacOSX.sdk/usr/include/term.h:781:31: note: 'tgoto' declared here
extern NCURSES_EXPORT(char *) tgoto (const char *, int, int);
                              ^
1 error generated.
configure:22609: $? = 1
configure: failed program was:
#line 22593 "configure"
#include "confdefs.h"
/*   */

#define CHECK_PROTOTYPES 1
#include <estruct.h>

#include <tcap.h>

int
main ()
{
char *x = (char *)tgoto("")
  ;
  return 0;
}
Recompiling with corrected call (C:, T:)
configure:22640: gcc -o conftest -g -O2 -I/usr/local/opt/opencv@3/include  -D_DARWIN_C_SOURCE -I. -I. -Dscrn_chosen -L/usr/local/opt/opencv@3/lib conftest.c -ltermcap -lcurses   >&5
configure:22643: $? = 0
configure:22646: test -s conftest
configure:22649: $? = 0
Curses/termcap test = yes (C:, T:)
configure:22686: result: term.h
configure:22720: checking declaration of tputs 3rd param
configure:22736: testing loop variables P:int, Q:int, R:int, S: ...
configure:22753: gcc -c -g -O2 -I/usr/local/opt/opencv@3/include  -D_DARWIN_C_SOURCE -I. -I. -Dscrn_chosen conftest.c >&5
configure:22750:13: error: conflicting types for 'tputs'
        extern int tputs ( char *string, int nlines, int (*_f)(int));
                   ^
/Applications/Xcode.app/Contents/Developer/Platforms/MacOSX.platform/Developer/SDKs/MacOSX.sdk/usr/include/term.h:785:28: note: previous declaration is here
extern NCURSES_EXPORT(int) tputs (const char *, int, int (*)(int));
                           ^
1 error generated.
configure:22756: $? = 1
configure: failed program was:
#line 22739 "configure"
#include "confdefs.h"

#define CHECK_PROTOTYPES 1
#include <estruct.h>

#include <tcap.h>

int
main ()
{
extern int OutChar(int);
	extern int tputs ( char *string, int nlines, int (*_f)(int));
	tputs("", 1, OutChar)
  ;
  return 0;
}
configure:22736: testing loop variables P:int, Q:int, R:int, S:const ...
configure:22753: gcc -c -g -O2 -I/usr/local/opt/opencv@3/include  -D_DARWIN_C_SOURCE -I. -I. -Dscrn_chosen conftest.c >&5
configure:22756: $? = 0
configure:22759: test -s conftest.o
configure:22762: $? = 0
configure:22781: result: int OutChar(int)
configure:22813: checking for missing "tgetint" extern
configure:22844: gcc -o conftest -g -O2 -I/usr/local/opt/opencv@3/include  -D_DARWIN_C_SOURCE -I. -I. -Dscrn_chosen -L/usr/local/opt/opencv@3/lib conftest.c -ltermcap -lcurses   >&5
configure:22847: $? = 0
configure:22850: test -s conftest
configure:22853: $? = 0
configure:22867: result: yes
configure:22813: checking for missing "tgetnum" extern
configure:22844: gcc -o conftest -g -O2 -I/usr/local/opt/opencv@3/include  -D_DARWIN_C_SOURCE -I. -I. -Dscrn_chosen -L/usr/local/opt/opencv@3/lib conftest.c -ltermcap -lcurses   >&5
configure:22833:22: error: conflicting types for 'tgetnum'
extern struct zowie *tgetnum();
                     ^
/Applications/Xcode.app/Contents/Developer/Platforms/MacOSX.platform/Developer/SDKs/MacOSX.sdk/usr/include/term.h:784:28: note: previous declaration is here
extern NCURSES_EXPORT(int) tgetnum (NCURSES_CONST char *);
                           ^
1 error generated.
configure:22847: $? = 1
configure: failed program was:
#line 22822 "configure"
#include "confdefs.h"


#define CHECK_PROTOTYPES 1
#include <estruct.h>

#include <tcap.h>


#undef tgetnum
struct zowie { int a; double b; struct zowie *c; char d; };
extern struct zowie *tgetnum();

int
main ()
{

#ifdef HAVE_LIBXT		/* needed for SunOS 4.0.3 or 4.1 */
XtToolkitInitialize();
#endif

  ;
  return 0;
}
configure:22867: result: no
configure:22813: checking for missing "tparam" extern
configure:22844: gcc -o conftest -g -O2 -I/usr/local/opt/opencv@3/include  -D_DARWIN_C_SOURCE -I. -I. -Dscrn_chosen -L/usr/local/opt/opencv@3/lib conftest.c -ltermcap -lcurses   >&5
configure:22847: $? = 0
configure:22850: test -s conftest
configure:22853: $? = 0
configure:22867: result: yes
configure:22813: checking for missing "tparm" extern
configure:22844: gcc -o conftest -g -O2 -I/usr/local/opt/opencv@3/include  -D_DARWIN_C_SOURCE -I. -I. -Dscrn_chosen -L/usr/local/opt/opencv@3/lib conftest.c -ltermcap -lcurses   >&5
configure:22833:22: error: conflicting types for 'tparm'
extern struct zowie *tparm();
                     ^
/Applications/Xcode.app/Contents/Developer/Platforms/MacOSX.platform/Developer/SDKs/MacOSX.sdk/usr/include/term.h:770:31: note: previous declaration is here
extern NCURSES_EXPORT(char *) tparm (NCURSES_CONST char *, ...);        /* special */
                              ^
1 error generated.
configure:22847: $? = 1
configure: failed program was:
#line 22822 "configure"
#include "confdefs.h"


#define CHECK_PROTOTYPES 1
#include <estruct.h>

#include <tcap.h>


#undef tparm
struct zowie { int a; double b; struct zowie *c; char d; };
extern struct zowie *tparm();

int
main ()
{

#ifdef HAVE_LIBXT		/* needed for SunOS 4.0.3 or 4.1 */
XtToolkitInitialize();
#endif

  ;
  return 0;
}
configure:22867: result: no
configure:22813: checking for missing "tgoto" extern
configure:22844: gcc -o conftest -g -O2 -I/usr/local/opt/opencv@3/include  -D_DARWIN_C_SOURCE -I. -I. -Dscrn_chosen -L/usr/local/opt/opencv@3/lib conftest.c -ltermcap -lcurses   >&5
configure:22833:22: error: conflicting types for 'tgoto'
extern struct zowie *tgoto();
                     ^
/Applications/Xcode.app/Contents/Developer/Platforms/MacOSX.platform/Developer/SDKs/MacOSX.sdk/usr/include/term.h:781:31: note: previous declaration is here
extern NCURSES_EXPORT(char *) tgoto (const char *, int, int);
                              ^
1 error generated.
configure:22847: $? = 1
configure: failed program was:
#line 22822 "configure"
#include "confdefs.h"


#define CHECK_PROTOTYPES 1
#include <estruct.h>

#include <tcap.h>


#undef tgoto
struct zowie { int a; double b; struct zowie *c; char d; };
extern struct zowie *tgoto();

int
main ()
{

#ifdef HAVE_LIBXT		/* needed for SunOS 4.0.3 or 4.1 */
XtToolkitInitialize();
#endif

  ;
  return 0;
}
configure:22867: result: no
configure:22813: checking for missing "tgetstr" extern
configure:22844: gcc -o conftest -g -O2 -I/usr/local/opt/opencv@3/include  -D_DARWIN_C_SOURCE -I. -I. -Dscrn_chosen -L/usr/local/opt/opencv@3/lib conftest.c -ltermcap -lcurses   >&5
configure:22833:22: error: conflicting types for 'tgetstr'
extern struct zowie *tgetstr();
                     ^
/Applications/Xcode.app/Contents/Developer/Platforms/MacOSX.platform/Developer/SDKs/MacOSX.sdk/usr/include/term.h:780:31: note: previous declaration is here
extern NCURSES_EXPORT(char *) tgetstr (NCURSES_CONST char *, char **);
                              ^
1 error generated.
configure:22847: $? = 1
configure: failed program was:
#line 22822 "configure"
#include "confdefs.h"


#define CHECK_PROTOTYPES 1
#include <estruct.h>

#include <tcap.h>


#undef tgetstr
struct zowie { int a; double b; struct zowie *c; char d; };
extern struct zowie *tgetstr();

int
main ()
{

#ifdef HAVE_LIBXT		/* needed for SunOS 4.0.3 or 4.1 */
XtToolkitInitialize();
#endif

  ;
  return 0;
}
configure:22867: result: no
configure:22813: checking for missing "tputs" extern
configure:22844: gcc -o conftest -g -O2 -I/usr/local/opt/opencv@3/include  -D_DARWIN_C_SOURCE -I. -I. -Dscrn_chosen -L/usr/local/opt/opencv@3/lib conftest.c -ltermcap -lcurses   >&5
configure:22833:22: error: conflicting types for 'tputs'
extern struct zowie *tputs();
                     ^
/Applications/Xcode.app/Contents/Developer/Platforms/MacOSX.platform/Developer/SDKs/MacOSX.sdk/usr/include/term.h:785:28: note: previous declaration is here
extern NCURSES_EXPORT(int) tputs (const char *, int, int (*)(int));
                           ^
1 error generated.
configure:22847: $? = 1
configure: failed program was:
#line 22822 "configure"
#include "confdefs.h"


#define CHECK_PROTOTYPES 1
#include <estruct.h>

#include <tcap.h>


#undef tputs
struct zowie { int a; double b; struct zowie *c; char d; };
extern struct zowie *tputs();

int
main ()
{

#ifdef HAVE_LIBXT		/* needed for SunOS 4.0.3 or 4.1 */
XtToolkitInitialize();
#endif

  ;
  return 0;
}
configure:22867: result: no
configure:22813: checking for missing "tgetent" extern
configure:22844: gcc -o conftest -g -O2 -I/usr/local/opt/opencv@3/include  -D_DARWIN_C_SOURCE -I. -I. -Dscrn_chosen -L/usr/local/opt/opencv@3/lib conftest.c -ltermcap -lcurses   >&5
configure:22833:22: error: conflicting types for 'tgetent'
extern struct zowie *tgetent();
                     ^
/Applications/Xcode.app/Contents/Developer/Platforms/MacOSX.platform/Developer/SDKs/MacOSX.sdk/usr/include/term.h:782:28: note: previous declaration is here
extern NCURSES_EXPORT(int) tgetent (char *, const char *);
                           ^
1 error generated.
configure:22847: $? = 1
configure: failed program was:
#line 22822 "configure"
#include "confdefs.h"


#define CHECK_PROTOTYPES 1
#include <estruct.h>

#include <tcap.h>


#undef tgetent
struct zowie { int a; double b; struct zowie *c; char d; };
extern struct zowie *tgetent();

int
main ()
{

#ifdef HAVE_LIBXT		/* needed for SunOS 4.0.3 or 4.1 */
XtToolkitInitialize();
#endif

  ;
  return 0;
}
configure:22867: result: no
configure:22813: checking for missing "tgetflag" extern
configure:22844: gcc -o conftest -g -O2 -I/usr/local/opt/opencv@3/include  -D_DARWIN_C_SOURCE -I. -I. -Dscrn_chosen -L/usr/local/opt/opencv@3/lib conftest.c -ltermcap -lcurses   >&5
configure:22833:22: error: conflicting types for 'tgetflag'
extern struct zowie *tgetflag();
                     ^
/Applications/Xcode.app/Contents/Developer/Platforms/MacOSX.platform/Developer/SDKs/MacOSX.sdk/usr/include/term.h:783:28: note: previous declaration is here
extern NCURSES_EXPORT(int) tgetflag (NCURSES_CONST char *);
                           ^
1 error generated.
configure:22847: $? = 1
configure: failed program was:
#line 22822 "configure"
#include "confdefs.h"


#define CHECK_PROTOTYPES 1
#include <estruct.h>

#include <tcap.h>


#undef tgetflag
struct zowie { int a; double b; struct zowie *c; char d; };
extern struct zowie *tgetflag();

int
main ()
{

#ifdef HAVE_LIBXT		/* needed for SunOS 4.0.3 or 4.1 */
XtToolkitInitialize();
#endif

  ;
  return 0;
}
configure:22867: result: no
configure:23463: checking for ispell
configure:23489: result: no
configure:23463: checking for aspell
configure:23478: found /usr/local/bin/aspell
configure:23486: result: aspell
configure:23706: checking if filesystem supports mixed-case filenames
configure:23733: result: no
configure:23743: checking for exctags
configure:23769: result: no
configure:23743: checking for ctags
configure:23758: found /usr/local/bin/ctags
configure:23766: result: ctags
configure:23780: checking for exetags
configure:23806: result: no
configure:23780: checking for etags
configure:23795: found /usr/local/bin/etags
configure:23803: result: etags
configure:23815: checking for ctags
configure:23830: found /usr/local/bin/ctags
configure:23839: result: yes
configure:23897: checking for an rpath option
configure:23928: result: 
configure:23975: checking if rpath should be not be set
configure:23992: result: no
configure:23996: checking for updated LDFLAGS
configure:24277: creating ./config.status

## ----------------------- ##
## Running config.status.  ##
## ----------------------- ##

This file was extended by config.status 2.52.20100530, executed with
  CONFIG_FILES    = 
  CONFIG_HEADERS  = 
  CONFIG_LINKS    = 
  CONFIG_COMMANDS = 
  > ./config.status 
on bharat-9052

config.status:24817: creating makefile
config.status:24817: creating filters/makefile
config.status:24817: creating filters/makefile.tmp
config.status:24914: creating config.h

## ----------------- ##
## Cache variables.  ##
## ----------------- ##

ac_cv_build=x86_64-apple-darwin21.6.0
ac_cv_build_alias=x86_64-apple-darwin21.6.0
ac_cv_c_compiler_gnu=yes
ac_cv_c_const=yes
ac_cv_c_inline=inline
ac_cv_env_CC_set=
ac_cv_env_CC_value=
ac_cv_env_CFLAGS_set=
ac_cv_env_CFLAGS_value=
ac_cv_env_CPPFLAGS_set=set
ac_cv_env_CPPFLAGS_value=-I/usr/local/opt/opencv@3/include
ac_cv_env_CPP_set=
ac_cv_env_CPP_value=
ac_cv_env_LDFLAGS_set=set
ac_cv_env_LDFLAGS_value=-L/usr/local/opt/opencv@3/lib
ac_cv_env_build_alias_set=
ac_cv_env_build_alias_value=
ac_cv_env_host_alias_set=
ac_cv_env_host_alias_value=
ac_cv_env_target_alias_set=
ac_cv_env_target_alias_value=
ac_cv_func__nc_freeall=yes
ac_cv_func_access=yes
ac_cv_func_alarm=yes
ac_cv_func_crypt=yes
ac_cv_func_fseeko=yes
ac_cv_func_getc_unlocked=yes
ac_cv_func_getcwd=yes
ac_cv_func_getegid=yes
ac_cv_func_geteuid=yes
ac_cv_func_gethostname=yes
ac_cv_func_getpass=yes
ac_cv_func_getpgrp_void=yes
ac_cv_func_getpwnam=yes
ac_cv_func_gettimeofday=yes
ac_cv_func_getwd=yes
ac_cv_func_isblank=yes
ac_cv_func_iswblank=yes
ac_cv_func_killpg=yes
ac_cv_func_mkdir=yes
ac_cv_func_mkdtemp=yes
ac_cv_func_poll=yes
ac_cv_func_popen=yes
ac_cv_func_putc_unlocked=yes
ac_cv_func_putenv=yes
ac_cv_func_realpath=yes
ac_cv_func_select=yes
ac_cv_func_setbuffer=yes
ac_cv_func_setgid=yes
ac_cv_func_setitimer=yes
ac_cv_func_setpgrp_void=yes
ac_cv_func_setsid=yes
ac_cv_func_setuid=yes
ac_cv_func_setvbuf=yes
ac_cv_func_setvbuf_reversed=no
ac_cv_func_sigaction=yes
ac_cv_func_sigprocmask=yes
ac_cv_func_strchr=yes
ac_cv_func_strerror=yes
ac_cv_func_strftime=yes
ac_cv_func_strrchr=yes
ac_cv_func_strtoul=yes
ac_cv_func_symlink=yes
ac_cv_func_tcgetattr=yes
ac_cv_func_tdestroy=no
ac_cv_func_tgetint=no
ac_cv_func_tgetnum=yes
ac_cv_func_tparam=no
ac_cv_func_tparm=yes
ac_cv_func_tsearch=yes
ac_cv_func_ttyname=yes
ac_cv_func_umask=yes
ac_cv_func_utime=yes
ac_cv_func_utimes=yes
ac_cv_func_waitpid=yes
ac_cv_header_X11_Xpoll_h=yes
ac_cv_header_dirent_dirent_h=yes
ac_cv_header_fcntl_h=yes
ac_cv_header_inttypes_h=yes
ac_cv_header_ioctl_h=no
ac_cv_header_limits_h=yes
ac_cv_header_memory_h=yes
ac_cv_header_minix_config_h=no
ac_cv_header_poll_h=yes
ac_cv_header_pwd_h=yes
ac_cv_header_search_h=yes
ac_cv_header_select_h=no
ac_cv_header_setjmp_h=yes
ac_cv_header_sgtty_h=yes
ac_cv_header_signal_h=yes
ac_cv_header_stat_broken=no
ac_cv_header_stdarg_h=yes
ac_cv_header_stdc=yes
ac_cv_header_stddef_h=yes
ac_cv_header_stdint_h=yes
ac_cv_header_stdlib_h=yes
ac_cv_header_string_h=yes
ac_cv_header_strings_h=yes
ac_cv_header_sys_filio_h=yes
ac_cv_header_sys_ioctl_h=yes
ac_cv_header_sys_itimer_h=no
ac_cv_header_sys_param_h=yes
ac_cv_header_sys_resource_h=yes
ac_cv_header_sys_select_h=yes
ac_cv_header_sys_socket_h=yes
ac_cv_header_sys_stat_h=yes
ac_cv_header_sys_time_h=yes
ac_cv_header_sys_types_h=yes
ac_cv_header_sys_wait_h=yes
ac_cv_header_termio_h=no
ac_cv_header_termios_h=yes
ac_cv_header_time=yes
ac_cv_header_unistd_h=yes
ac_cv_header_utime_h=yes
ac_cv_header_varargs_h=no
ac_cv_host=x86_64-apple-darwin21.6.0
ac_cv_host_alias=x86_64-apple-darwin21.6.0
ac_cv_lib_curses_initscr=yes
ac_cv_lib_dir_opendir=no
ac_cv_lib_fl_yywrap=no
ac_cv_lib_l_yywrap=yes
ac_cv_lib_termcap_tgoto=yes
ac_cv_member_struct_stat_st_blksize=yes
ac_cv_member_struct_stat_st_blocks=yes
ac_cv_member_struct_stat_st_rdev=yes
ac_cv_objext=o
ac_cv_path_install='/usr/local/bin/ginstall -c'
ac_cv_prog_AWK=gawk
ac_cv_prog_CPP='gcc -E'
ac_cv_prog_CTAGS=ctags
ac_cv_prog_ETAGS=etags
ac_cv_prog_LEX=flex
ac_cv_prog_LINT=lint
ac_cv_prog_MAKE_LOWER_TAGS=yes
ac_cv_prog_SPELL_PROG=aspell
ac_cv_prog_ac_ct_CC=gcc
ac_cv_prog_ac_ct_RANLIB=ranlib
ac_cv_prog_cc_g=yes
ac_cv_prog_cc_stdc=
ac_cv_prog_gcc_traditional=no
ac_cv_prog_lex_root=lex.yy
ac_cv_prog_lex_yytext_pointer=yes
ac_cv_prog_make_make_set=yes
ac_cv_search_wctype='none required'
ac_cv_struct_tm=time.h
ac_cv_sys_file_offset_bits=no
ac_cv_sys_large_files=no
ac_cv_sys_largefile_CC=no
ac_cv_sys_largefile_source=no
ac_cv_sys_long_file_names=yes
ac_cv_type_intptr_t=yes
ac_cv_type_pid_t=yes
ac_cv_type_signal=void
ac_cv_type_size_t=yes
ac_cv_type_time_t=yes
ac_cv_type_uid_t=yes
am_cv_func_iconv=yes
am_cv_langinfo_codeset=yes
am_cv_proto_iconv_arg1=
am_cv_proto_iconv_const=no
cf_cv_ansi_cc=-DCC_HAS_PROTOS
cf_cv_can_restart_read=no
cf_cv_crypt_func=no
cf_cv_dcl_environ=no
cf_cv_dcl_errno=yes
cf_cv_dcl_sys_errlist=yes
cf_cv_dcl_sys_nerr=yes
cf_cv_define_sigwinch=yes
cf_cv_find_linkage_iconv=yes
cf_cv_found=yes
cf_cv_fp_isready='( (p)->_r > 0)'
cf_cv_func_environ=yes
cf_cv_func_getenv=no
cf_cv_func_getpass=no
cf_cv_func_getwd=no
cf_cv_func_malloc=no
cf_cv_func_mkstemp=no
cf_cv_func_realloc=no
cf_cv_func_rindex=no
cf_cv_func_strerror=no
cf_cv_func_strtol=no
cf_cv_func_tgetent=no
cf_cv_func_tgetflag=no
cf_cv_func_tgetint=yes
cf_cv_func_tgetnum=no
cf_cv_func_tgetstr=no
cf_cv_func_tgoto=no
cf_cv_func_tparam=yes
cf_cv_func_tparm=no
cf_cv_func_tputs=no
cf_cv_have___va_copy=yes
cf_cv_have_environ=yes
cf_cv_have_errno=yes
cf_cv_have_sys_errlist=yes
cf_cv_have_sys_nerr=yes
cf_cv_have_va_copy=yes
cf_cv_have_wctype=yes
cf_cv_header_path_iconv=/usr/include
cf_cv_init_unions=yes
cf_cv_library_file_iconv=-liconv
cf_cv_library_path_iconv=/usr/lib
cf_cv_locale=yes
cf_cv_macros_fd_set=yes
cf_cv_makeflags=
cf_cv_mixedcase=no
cf_cv_need_curses_h=term.h
cf_cv_need_killpg=yes
cf_cv_resource_with_wait=no
cf_cv_select_with_time=yes
cf_cv_sizechange=yes
cf_cv_stdio_unlocked=no
cf_cv_struct_dirent64=no
cf_cv_subst_AR=ar
cf_cv_subst_AR_OPTS=rv
cf_cv_system_name=darwin21.6.0
cf_cv_term_header=term.h
cf_cv_termlib=termcap
cf_cv_type_fd_set=sys/types.h
cf_cv_type_outchar='int OutChar(int)'

## ------------ ##
## confdefs.h.  ##
## ------------ ##

#define SYSTEM_NAME "darwin21.6.0"
#define CC_HAS_PROTOS 1
#define YYTEXT_POINTER 1
#define OPT_SHELL 0
#define SYSTEM_HAS_LINT_PROG 1
#define STDC_HEADERS 1
#define HAVE_DIRENT_H 1
#define HAVE_LANGINFO_CODESET 1
#define HAVE_FCNTL_H 1
#define HAVE_LIMITS_H 1
#define HAVE_MEMORY_H 1
#define HAVE_POLL_H 1
#define HAVE_PWD_H 1
#define HAVE_SEARCH_H 1
#define HAVE_SETJMP_H 1
#define HAVE_SGTTY_H 1
#define HAVE_SIGNAL_H 1
#define HAVE_STDARG_H 1
#define HAVE_STDDEF_H 1
#define HAVE_STDLIB_H 1
#define HAVE_STRING_H 1
#define HAVE_SYS_FILIO_H 1
#define HAVE_SYS_IOCTL_H 1
#define HAVE_SYS_PARAM_H 1
#define HAVE_SYS_RESOURCE_H 1
#define HAVE_SYS_SELECT_H 1
#define HAVE_SYS_SOCKET_H 1
#define HAVE_SYS_TIME_H 1
#define HAVE_SYS_WAIT_H 1
#define HAVE_TERMIOS_H 1
#define HAVE_UNISTD_H 1
#define HAVE_UTIME_H 1
#define RETSIGTYPE void
#define SIGT RETSIGTYPE
#define SIGRET /*do nothing*/
#define HAVE_SYS_TYPES_H 1
#define HAVE_SYS_STAT_H 1
#define HAVE_STDLIB_H 1
#define HAVE_STRING_H 1
#define HAVE_MEMORY_H 1
#define HAVE_STRINGS_H 1
#define HAVE_INTTYPES_H 1
#define HAVE_STDINT_H 1
#define HAVE_UNISTD_H 1
#define HAVE_STRUCT_STAT_ST_BLKSIZE 1
#define HAVE_ST_BLKSIZE 1
#define HAVE_STRUCT_STAT_ST_BLOCKS 1
#define HAVE_ST_BLOCKS 1
#define HAVE_STRUCT_STAT_ST_RDEV 1
#define HAVE_ST_RDEV 1
#define TIME_WITH_SYS_TIME 1
#define SELECT_WITH_TIME 1
#define HAVE_TERMIOS_H 1
#define HAVE_UNISTD_H 1
#define HAVE_SIZECHANGE 1
#define isready_c(p) ( (p)->_r > 0)
#define HAVE_WCTYPE 1
#define HAVE_LONG_FILE_NAMES 1
#define HAVE_VA_COPY 1
#define HAVE___VA_COPY 1
#define SETPGRP_VOID 1
#define GETPGRP_VOID 1
#define HAVE_KILLPG 1
#define HAVE_ERRNO 1
#define DECL_ENVIRON 1
#define HAVE_ENVIRON 1
#define HAVE_SYS_NERR 1
#define HAVE_SYS_ERRLIST 1
#define scrn_chosen 1
#define os_chosen 1
#define DISP_TERMCAP 1
#define HAVE_EXTERN_TCAP_PC 1
#define HAVE_DEV_TTY 1
#define HAVE_X11_XPOLL_H 1
#define HAVE_TYPE_FD_SET 1
#define HAVE_GETC_UNLOCKED 1
#define HAVE_PUTC_UNLOCKED 1
#define HAVE__NC_FREEALL 1
#define HAVE_ACCESS 1
#define HAVE_ALARM 1
#define HAVE_CRYPT 1
#define HAVE_GETCWD 1
#define HAVE_GETEGID 1
#define HAVE_GETEUID 1
#define HAVE_GETHOSTNAME 1
#define HAVE_GETPASS 1
#define HAVE_GETTIMEOFDAY 1
#define HAVE_GETWD 1
#define HAVE_ISBLANK 1
#define HAVE_ISWBLANK 1
#define HAVE_KILLPG 1
#define HAVE_MKDIR 1
#define HAVE_MKDTEMP 1
#define HAVE_POLL 1
#define HAVE_POPEN 1
#define HAVE_PUTENV 1
#define HAVE_REALPATH 1
#define HAVE_SELECT 1
#define HAVE_SETBUFFER 1
#define HAVE_SETGID 1
#define HAVE_SETITIMER 1
#define HAVE_SETSID 1
#define HAVE_SETUID 1
#define HAVE_SETVBUF 1
#define HAVE_SIGACTION 1
#define HAVE_SIGPROCMASK 1
#define HAVE_STRCHR 1
#define HAVE_STRERROR 1
#define HAVE_STRFTIME 1
#define HAVE_STRRCHR 1
#define HAVE_STRTOUL 1
#define HAVE_SYMLINK 1
#define HAVE_TCGETATTR 1
#define HAVE_TSEARCH 1
#define HAVE_TTYNAME 1
#define HAVE_UMASK 1
#define HAVE_UTIME 1
#define HAVE_UTIMES 1
#define HAVE_WAITPID 1
#define HAVE_TGETNUM 1
#define HAVE_TPARM 1
#define SYS_UNIX 1
#define HAVE_FSEEKO 1
#define LOCALE 1
#define OPT_LOCALE 1
#define HAVE_ICONV 1
#define ICONV_CONST 
#define OPT_ICONV_FUNCS 1
#define MISSING_EXTERN_ENVIRON 1
#define HAVE_TERM_H 1
#define NEED_TERM_H 1
#define OUTC_RETURN 1
#define MISSING_EXTERN_TGETINT 1
#define MISSING_EXTERN_TPARAM 1
#define SPELL_PROG "aspell"
#define SPELL_OPTS "-x list"


configure: exit 0
